2023-04-27 11:39:26,240 [http-nio-8080-exec-6] WARN  at.qe.g1t2.model.AccessPoint - Operation: CONNECTION_FAILURE
Entity: class at.qe.g1t2.model.AccessPoint
Id: Access point: UUID4294ba1b-f794-4e3d-b606-896b28237bcb
Detail: connected: false

2023-04-27 11:39:26,245 [http-nio-8080-exec-6] WARN  at.qe.g1t2.model.AccessPoint - Operation: CONNECTION_FAILURE
Entity: class at.qe.g1t2.model.AccessPoint
Id: Access point: UUID43d5aba9-29c5-49b4-b4ec-2d430e34104f
Detail: connected: false

2023-04-27 11:39:26,246 [http-nio-8080-exec-6] WARN  at.qe.g1t2.model.AccessPoint - Operation: CONNECTION_FAILURE
Entity: class at.qe.g1t2.model.AccessPoint
Id: Access point: UUID7269ddec-30c6-44d9-bc1f-8af18da09ed3
Detail: connected: false

2023-04-27 11:39:32,176 [http-nio-8080-exec-2] WARN  a.q.g.r.c.AccessPointConnectionController - Operation: OTHER
Entity: class at.qe.g1t2.model.AccessPoint
Id: Access point: 43d5aba9-29c5-49b4-b4ec-2d430e34104f
Detail: Call get getAuthAccessPoint()

2023-04-27 11:39:32,475 [http-nio-8080-exec-3] WARN  a.q.g.r.c.SensorStationConnectController - Operation: OTHER
Entity: class at.qe.g1t2.model.AccessPoint
Id: Access point: 43d5aba9-29c5-49b4-b4ec-2d430e34104f
Detail: Call get getAuthAccessPoint()

2023-04-27 11:39:32,686 [http-nio-8080-exec-4] WARN  a.q.g.r.c.SensorStationConnectController - Operation: OTHER
Entity: class at.qe.g1t2.model.AccessPoint
Id: Access point: 43d5aba9-29c5-49b4-b4ec-2d430e34104f
Detail: Call get getAuthAccessPoint()

2023-04-27 11:39:32,892 [http-nio-8080-exec-6] WARN  a.q.g.r.c.SensorStationConnectController - Operation: OTHER
Entity: class at.qe.g1t2.model.AccessPoint
Id: Access point: 43d5aba9-29c5-49b4-b4ec-2d430e34104f
Detail: Call get getAuthAccessPoint()

2023-04-27 11:39:32,893 [http-nio-8080-exec-6] WARN  a.q.g.r.c.SensorStationConnectController - Operation: OTHER
Entity: class at.qe.g1t2.model.AccessPoint
Id: Access point: 43d5aba9-29c5-49b4-b4ec-2d430e34104f
Detail: Call get getAuthAccessPoint()

2023-04-27 11:39:32,956 [http-nio-8080-exec-6] WARN  a.q.g.r.c.SensorStationConnectController - Operation: OTHER
Entity: class at.qe.g1t2.model.AccessPoint
Id: Access point: 43d5aba9-29c5-49b4-b4ec-2d430e34104f
Detail: Call get getAuthAccessPoint()

2023-04-27 11:39:45,817 [http-nio-8080-exec-10] WARN  at.qe.g1t2.model.AccessPoint - Operation: CONNECTION_FAILURE
Entity: class at.qe.g1t2.model.AccessPoint
Id: Access point: UUID4294ba1b-f794-4e3d-b606-896b28237bcb
Detail: connected: false

2023-04-27 11:39:45,818 [http-nio-8080-exec-10] WARN  at.qe.g1t2.model.AccessPoint - Operation: CONNECTION_FAILURE
Entity: class at.qe.g1t2.model.AccessPoint
Id: Access point: UUID43d5aba9-29c5-49b4-b4ec-2d430e34104f
Detail: connected: false

2023-04-27 11:39:45,820 [http-nio-8080-exec-10] WARN  at.qe.g1t2.model.AccessPoint - Operation: CONNECTION_FAILURE
Entity: class at.qe.g1t2.model.AccessPoint
Id: Access point: UUID7269ddec-30c6-44d9-bc1f-8af18da09ed3
Detail: connected: false

2023-04-27 11:39:50,939 [http-nio-8080-exec-4] WARN  at.qe.g1t2.model.AccessPoint - Operation: CONNECTION_FAILURE
Entity: class at.qe.g1t2.model.AccessPoint
Id: Access point: UUID4294ba1b-f794-4e3d-b606-896b28237bcb
Detail: connected: false

2023-04-27 11:39:50,941 [http-nio-8080-exec-4] WARN  at.qe.g1t2.model.AccessPoint - Operation: CONNECTION_FAILURE
Entity: class at.qe.g1t2.model.AccessPoint
Id: Access point: UUID43d5aba9-29c5-49b4-b4ec-2d430e34104f
Detail: connected: false

2023-04-27 11:39:50,942 [http-nio-8080-exec-4] WARN  at.qe.g1t2.model.AccessPoint - Operation: CONNECTION_FAILURE
Entity: class at.qe.g1t2.model.AccessPoint
Id: Access point: UUID7269ddec-30c6-44d9-bc1f-8af18da09ed3
Detail: connected: false

2023-04-27 11:39:51,946 [http-nio-8080-exec-7] WARN  at.qe.g1t2.services.UserService - Operation: WARN
Entity: class at.qe.g1t2.model.Userx
Detail: Call getAuthenticatedUser()

2023-04-27 11:40:07,712 [http-nio-8080-exec-4] WARN  at.qe.g1t2.services.UserService - Operation: WARN
Entity: class at.qe.g1t2.model.Userx
Detail: Call getAuthenticatedUser()

2023-04-27 11:40:17,952 [http-nio-8080-exec-9] WARN  at.qe.g1t2.services.UserService - Operation: WARN
Entity: class at.qe.g1t2.model.Userx
Detail: Call getAuthenticatedUser()

2023-04-27 11:40:17,963 [http-nio-8080-exec-9] WARN  at.qe.g1t2.services.UserService - Operation: WARN
Entity: class at.qe.g1t2.model.Userx
Detail: Call getAuthenticatedUser()

2023-04-27 11:40:17,984 [http-nio-8080-exec-9] WARN  at.qe.g1t2.services.UserService - Operation: WARN
Entity: class at.qe.g1t2.model.Userx
Detail: Call getAuthenticatedUser()

2023-04-27 11:40:19,413 [http-nio-8080-exec-10] WARN  at.qe.g1t2.services.UserService - Operation: WARN
Entity: class at.qe.g1t2.model.Userx
Detail: Call getAuthenticatedUser()

2023-04-27 12:37:32,687 [http-nio-8080-exec-3] WARN  j.e.r.webcontainer.faces.taglib - JSF1103: The metadata facet must be a direct child of the view in viewId /gardener/sensorStations/sensorData.xhtml
2023-04-27 12:37:46,056 [http-nio-8080-exec-2] WARN  at.qe.g1t2.model.AccessPoint - Operation: CONNECTION_FAILURE
Entity: class at.qe.g1t2.model.AccessPoint
Id: Access point: UUID4294ba1b-f794-4e3d-b606-896b28237bcb
Detail: connected: false

2023-04-27 12:37:46,060 [http-nio-8080-exec-2] WARN  at.qe.g1t2.model.AccessPoint - Operation: CONNECTION_FAILURE
Entity: class at.qe.g1t2.model.AccessPoint
Id: Access point: UUID43d5aba9-29c5-49b4-b4ec-2d430e34104f
Detail: connected: false

2023-04-27 12:37:46,061 [http-nio-8080-exec-2] WARN  at.qe.g1t2.model.AccessPoint - Operation: CONNECTION_FAILURE
Entity: class at.qe.g1t2.model.AccessPoint
Id: Access point: UUID7269ddec-30c6-44d9-bc1f-8af18da09ed3
Detail: connected: false

2023-04-27 12:49:39,292 [http-nio-8080-exec-10] WARN  a.q.g.r.c.SensorStationConnectController - Operation: OTHER
Entity: class at.qe.g1t2.model.AccessPoint
Id: Access point: 43d5aba9-29c5-49b4-b4ec-2d430e34104f
Detail: Call get getAuthAccessPoint()

2023-04-27 12:49:39,299 [http-nio-8080-exec-10] WARN  a.q.g.r.c.SensorStationConnectController - Operation: OTHER
Entity: class at.qe.g1t2.model.AccessPoint
Id: Access point: 43d5aba9-29c5-49b4-b4ec-2d430e34104f
Detail: Call get getAuthAccessPoint()

2023-04-27 12:49:39,301 [http-nio-8080-exec-10] WARN  a.q.g.r.c.SensorStationConnectController - Operation: OTHER
Entity: class at.qe.g1t2.model.AccessPoint
Id: Access point: 43d5aba9-29c5-49b4-b4ec-2d430e34104f
Detail: Call get getAuthAccessPoint()

2023-04-27 12:49:39,417 [http-nio-8080-exec-9] WARN  a.q.g.r.c.SensorStationConnectController - Operation: OTHER
Entity: class at.qe.g1t2.model.AccessPoint
Id: Access point: 43d5aba9-29c5-49b4-b4ec-2d430e34104f
Detail: Call get getAuthAccessPoint()

2023-04-27 12:49:39,607 [http-nio-8080-exec-2] WARN  a.q.g.r.c.SensorStationConnectController - Operation: OTHER
Entity: class at.qe.g1t2.model.AccessPoint
Id: Access point: 43d5aba9-29c5-49b4-b4ec-2d430e34104f
Detail: Call get getAuthAccessPoint()

2023-04-27 12:49:39,611 [http-nio-8080-exec-2] WARN  a.q.g.r.c.SensorStationConnectController - Operation: OTHER
Entity: class at.qe.g1t2.model.AccessPoint
Id: Access point: 43d5aba9-29c5-49b4-b4ec-2d430e34104f
Detail: Call get getAuthAccessPoint()

2023-04-27 12:49:39,613 [http-nio-8080-exec-2] WARN  a.q.g.r.c.SensorStationConnectController - Operation: OTHER
Entity: class at.qe.g1t2.model.AccessPoint
Id: Access point: 43d5aba9-29c5-49b4-b4ec-2d430e34104f
Detail: Call get getAuthAccessPoint()

2023-04-27 12:49:39,682 [http-nio-8080-exec-4] WARN  a.q.g.r.c.SensorStationConnectController - Operation: OTHER
Entity: class at.qe.g1t2.model.AccessPoint
Id: Access point: 43d5aba9-29c5-49b4-b4ec-2d430e34104f
Detail: Call get getAuthAccessPoint()

2023-04-27 12:49:41,124 [http-nio-8080-exec-7] WARN  at.qe.g1t2.model.AccessPoint - Operation: CONNECTION_FAILURE
Entity: class at.qe.g1t2.model.AccessPoint
Id: Access point: UUID4294ba1b-f794-4e3d-b606-896b28237bcb
Detail: connected: false

2023-04-27 12:49:41,131 [http-nio-8080-exec-7] WARN  at.qe.g1t2.model.AccessPoint - Operation: CONNECTION_FAILURE
Entity: class at.qe.g1t2.model.AccessPoint
Id: Access point: UUID7269ddec-30c6-44d9-bc1f-8af18da09ed3
Detail: connected: false

2023-04-27 12:49:43,995 [http-nio-8080-exec-9] WARN  a.q.g.r.c.AccessPointConnectionController - Operation: OTHER
Entity: class at.qe.g1t2.model.AccessPoint
Id: Access point: 43d5aba9-29c5-49b4-b4ec-2d430e34104f
Detail: Call get getAuthAccessPoint()

2023-04-27 12:49:54,838 [http-nio-8080-exec-1] WARN  a.q.g.r.c.SensorStationConnectController - Operation: OTHER
Entity: class at.qe.g1t2.model.AccessPoint
Id: Access point: 43d5aba9-29c5-49b4-b4ec-2d430e34104f
Detail: Call get getAuthAccessPoint()

2023-04-27 12:49:54,843 [http-nio-8080-exec-1] WARN  a.q.g.r.c.SensorStationConnectController - Operation: OTHER
Entity: class at.qe.g1t2.model.AccessPoint
Id: Access point: 43d5aba9-29c5-49b4-b4ec-2d430e34104f
Detail: Call get getAuthAccessPoint()

2023-04-27 12:49:54,844 [http-nio-8080-exec-1] WARN  a.q.g.r.c.SensorStationConnectController - Operation: OTHER
Entity: class at.qe.g1t2.model.AccessPoint
Id: Access point: 43d5aba9-29c5-49b4-b4ec-2d430e34104f
Detail: Call get getAuthAccessPoint()

2023-04-27 12:49:54,920 [http-nio-8080-exec-9] WARN  a.q.g.r.c.SensorStationConnectController - Operation: OTHER
Entity: class at.qe.g1t2.model.AccessPoint
Id: Access point: 43d5aba9-29c5-49b4-b4ec-2d430e34104f
Detail: Call get getAuthAccessPoint()

2023-04-27 12:49:55,073 [http-nio-8080-exec-3] WARN  a.q.g.r.c.SensorStationConnectController - Operation: OTHER
Entity: class at.qe.g1t2.model.AccessPoint
Id: Access point: 43d5aba9-29c5-49b4-b4ec-2d430e34104f
Detail: Call get getAuthAccessPoint()

2023-04-27 12:49:55,077 [http-nio-8080-exec-3] WARN  a.q.g.r.c.SensorStationConnectController - Operation: OTHER
Entity: class at.qe.g1t2.model.AccessPoint
Id: Access point: 43d5aba9-29c5-49b4-b4ec-2d430e34104f
Detail: Call get getAuthAccessPoint()

2023-04-27 12:49:55,078 [http-nio-8080-exec-3] WARN  a.q.g.r.c.SensorStationConnectController - Operation: OTHER
Entity: class at.qe.g1t2.model.AccessPoint
Id: Access point: 43d5aba9-29c5-49b4-b4ec-2d430e34104f
Detail: Call get getAuthAccessPoint()

2023-04-27 12:49:55,166 [http-nio-8080-exec-4] WARN  a.q.g.r.c.SensorStationConnectController - Operation: OTHER
Entity: class at.qe.g1t2.model.AccessPoint
Id: Access point: 43d5aba9-29c5-49b4-b4ec-2d430e34104f
Detail: Call get getAuthAccessPoint()

2023-04-27 12:50:04,215 [http-nio-8080-exec-1] WARN  a.q.g.r.c.AccessPointConnectionController - Operation: OTHER
Entity: class at.qe.g1t2.model.AccessPoint
Id: Access point: 43d5aba9-29c5-49b4-b4ec-2d430e34104f
Detail: Call get getAuthAccessPoint()

2023-04-27 12:50:10,310 [http-nio-8080-exec-3] WARN  a.q.g.r.c.SensorStationConnectController - Operation: OTHER
Entity: class at.qe.g1t2.model.AccessPoint
Id: Access point: 43d5aba9-29c5-49b4-b4ec-2d430e34104f
Detail: Call get getAuthAccessPoint()

2023-04-27 12:50:10,314 [http-nio-8080-exec-3] WARN  a.q.g.r.c.SensorStationConnectController - Operation: OTHER
Entity: class at.qe.g1t2.model.AccessPoint
Id: Access point: 43d5aba9-29c5-49b4-b4ec-2d430e34104f
Detail: Call get getAuthAccessPoint()

2023-04-27 12:50:10,315 [http-nio-8080-exec-3] WARN  a.q.g.r.c.SensorStationConnectController - Operation: OTHER
Entity: class at.qe.g1t2.model.AccessPoint
Id: Access point: 43d5aba9-29c5-49b4-b4ec-2d430e34104f
Detail: Call get getAuthAccessPoint()

2023-04-27 12:50:10,425 [http-nio-8080-exec-6] WARN  a.q.g.r.c.SensorStationConnectController - Operation: OTHER
Entity: class at.qe.g1t2.model.AccessPoint
Id: Access point: 43d5aba9-29c5-49b4-b4ec-2d430e34104f
Detail: Call get getAuthAccessPoint()

2023-04-27 12:50:10,532 [http-nio-8080-exec-7] WARN  a.q.g.r.c.SensorStationConnectController - Operation: OTHER
Entity: class at.qe.g1t2.model.AccessPoint
Id: Access point: 43d5aba9-29c5-49b4-b4ec-2d430e34104f
Detail: Call get getAuthAccessPoint()

2023-04-27 12:50:10,535 [http-nio-8080-exec-7] WARN  a.q.g.r.c.SensorStationConnectController - Operation: OTHER
Entity: class at.qe.g1t2.model.AccessPoint
Id: Access point: 43d5aba9-29c5-49b4-b4ec-2d430e34104f
Detail: Call get getAuthAccessPoint()

2023-04-27 12:50:10,536 [http-nio-8080-exec-7] WARN  a.q.g.r.c.SensorStationConnectController - Operation: OTHER
Entity: class at.qe.g1t2.model.AccessPoint
Id: Access point: 43d5aba9-29c5-49b4-b4ec-2d430e34104f
Detail: Call get getAuthAccessPoint()

2023-04-27 12:50:10,660 [http-nio-8080-exec-5] WARN  a.q.g.r.c.SensorStationConnectController - Operation: OTHER
Entity: class at.qe.g1t2.model.AccessPoint
Id: Access point: 43d5aba9-29c5-49b4-b4ec-2d430e34104f
Detail: Call get getAuthAccessPoint()

2023-04-27 12:53:11,576 [http-nio-8080-exec-10] WARN  at.qe.g1t2.model.AccessPoint - Operation: CONNECTION_FAILURE
Entity: class at.qe.g1t2.model.AccessPoint
Id: Access point: UUID4294ba1b-f794-4e3d-b606-896b28237bcb
Detail: connected: false

2023-04-27 12:53:11,581 [http-nio-8080-exec-10] WARN  at.qe.g1t2.model.AccessPoint - Operation: CONNECTION_FAILURE
Entity: class at.qe.g1t2.model.AccessPoint
Id: Access point: UUID43d5aba9-29c5-49b4-b4ec-2d430e34104f
Detail: connected: false

2023-04-27 12:53:11,582 [http-nio-8080-exec-10] WARN  at.qe.g1t2.model.AccessPoint - Operation: CONNECTION_FAILURE
Entity: class at.qe.g1t2.model.AccessPoint
Id: Access point: UUID7269ddec-30c6-44d9-bc1f-8af18da09ed3
Detail: connected: false

2023-04-27 12:53:13,897 [http-nio-8080-exec-3] WARN  at.qe.g1t2.services.UserService - Operation: WARN
Entity: class at.qe.g1t2.model.Userx
Detail: Call getAuthenticatedUser()

2023-04-27 12:53:14,801 [http-nio-8080-exec-8] WARN  at.qe.g1t2.services.UserService - Operation: WARN
Entity: class at.qe.g1t2.model.Userx
Detail: Call getAuthenticatedUser()

2023-04-27 16:29:11,813 [main] WARN  at.qe.g1t2.model.AccessPoint - Operation: CONNECTION_FAILURE
Entity: class at.qe.g1t2.model.AccessPoint
Id: Access point: UUIDz7TI12w
Detail: enabled: false

2023-04-27 16:29:35,456 [main] WARN  at.qe.g1t2.services.UserService - Operation: WARN
Entity: class at.qe.g1t2.model.Userx
Detail: Call getAuthenticatedUser()

2023-04-27 16:29:35,491 [main] WARN  at.qe.g1t2.services.UserService - Operation: WARN
Entity: class at.qe.g1t2.model.Userx
Detail: Call getAuthenticatedUser()

2023-04-27 16:29:39,051 [main] WARN  at.qe.g1t2.services.UserService - Operation: WARN
Entity: class at.qe.g1t2.model.Userx
Detail: Call getAuthenticatedUser()

2023-04-27 16:29:39,088 [main] WARN  at.qe.g1t2.services.UserService - Operation: WARN
Entity: class at.qe.g1t2.model.Userx
Detail: Call getAuthenticatedUser()

2023-04-27 16:29:42,442 [main] WARN  at.qe.g1t2.services.UserService - Operation: WARN
Entity: class at.qe.g1t2.model.Userx
Detail: Call getAuthenticatedUser()

2023-04-27 16:29:42,572 [main] WARN  at.qe.g1t2.services.UserService - Operation: WARN
Entity: class at.qe.g1t2.model.Userx
Detail: Call getAuthenticatedUser()

2023-04-27 16:29:42,716 [main] WARN  at.qe.g1t2.services.UserService - Operation: WARN
Entity: class at.qe.g1t2.model.Userx
Detail: Call getAuthenticatedUser()

2023-04-27 16:29:42,754 [main] WARN  at.qe.g1t2.services.UserService - Operation: WARN
Entity: class at.qe.g1t2.model.Userx
Detail: Call getAuthenticatedUser()

2023-04-27 16:29:45,831 [main] WARN  at.qe.g1t2.services.UserService - Operation: WARN
Entity: class at.qe.g1t2.model.Userx
Detail: Call getAuthenticatedUser()

2023-04-27 16:29:46,032 [main] WARN  at.qe.g1t2.services.UserService - Operation: WARN
Entity: class at.qe.g1t2.model.Userx
Detail: Call getAuthenticatedUser()

2023-04-27 16:29:46,054 [main] WARN  at.qe.g1t2.services.UserService - Operation: WARN
Entity: class at.qe.g1t2.model.Userx
Detail: Call getAuthenticatedUser()

2023-04-27 16:29:46,102 [main] WARN  at.qe.g1t2.services.UserService - Operation: WARN
Entity: class at.qe.g1t2.model.Userx
Detail: Call getAuthenticatedUser()

2023-04-27 16:29:49,356 [main] WARN  at.qe.g1t2.services.UserService - Operation: WARN
Entity: class at.qe.g1t2.model.Userx
Detail: Call getAuthenticatedUser()

2023-04-27 16:29:49,528 [main] WARN  at.qe.g1t2.services.UserService - Operation: WARN
Entity: class at.qe.g1t2.model.Userx
Detail: Call getAuthenticatedUser()

2023-04-27 16:29:49,581 [main] WARN  at.qe.g1t2.services.UserService - Operation: WARN
Entity: class at.qe.g1t2.model.Userx
Detail: Call getAuthenticatedUser()

2023-04-27 16:29:52,819 [main] WARN  a.q.g.r.c.AccessPointConnectionController - Operation: OTHER
Entity: class at.qe.g1t2.model.AccessPoint
Id: Access point: 4294ba1b-f794-4e3d-b606-896b28237bcb
Detail: Call get getAuthAccessPoint()

2023-04-27 16:29:53,209 [main] WARN  a.q.g.r.c.AccessPointConnectionController - Operation: OTHER
Entity: class at.qe.g1t2.model.AccessPoint
Id: Access point: 4294ba1b-f794-4e3d-b606-896b28237bcb
Detail: Call get getAuthAccessPoint()

2023-04-27 16:29:54,167 [main] WARN  a.q.g.r.c.SensorStationConnectController - Operation: OTHER
Entity: class at.qe.g1t2.model.AccessPoint
Id: Access point: 43d5aba9-29c5-49b4-b4ec-2d430e34104f
Detail: Call get getAuthAccessPoint()

2023-04-27 16:29:54,238 [main] WARN  a.q.g.r.c.SensorStationConnectController - Operation: OTHER
Entity: class at.qe.g1t2.model.AccessPoint
Id: Access point: 4294ba1b-f794-4e3d-b606-896b28237bcb
Detail: Call get getAuthAccessPoint()

2023-04-27 16:29:54,288 [main] WARN  a.q.g.r.c.SensorStationConnectController - Operation: OTHER
Entity: class at.qe.g1t2.model.AccessPoint
Id: Access point: 4294ba1b-f794-4e3d-b606-896b28237bcb
Detail: Call get getAuthAccessPoint()

2023-04-27 16:29:54,296 [main] WARN  a.q.g.r.c.SensorStationConnectController - Operation: OTHER
Entity: class at.qe.g1t2.model.AccessPoint
Id: Access point: 4294ba1b-f794-4e3d-b606-896b28237bcb
Detail: Call get getAuthAccessPoint()

2023-04-27 16:29:54,298 [main] WARN  a.q.g.r.c.SensorStationConnectController - Operation: OTHER
Entity: class at.qe.g1t2.model.AccessPoint
Id: Access point: 4294ba1b-f794-4e3d-b606-896b28237bcb
Detail: Call get getAuthAccessPoint()

2023-04-27 16:29:54,358 [main] WARN  a.q.g.r.c.SensorStationConnectController - Operation: OTHER
Entity: class at.qe.g1t2.model.AccessPoint
Id: Access point: 4294ba1b-f794-4e3d-b606-896b28237bcb
Detail: Call get getAuthAccessPoint()

2023-04-27 16:29:54,360 [main] WARN  a.q.g.r.c.SensorStationConnectController - Operation: OTHER
Entity: class at.qe.g1t2.model.AccessPoint
Id: Access point: 4294ba1b-f794-4e3d-b606-896b28237bcb
Detail: Call get getAuthAccessPoint()

2023-04-27 16:29:54,385 [main] WARN  a.q.g.r.c.SensorStationConnectController - Operation: OTHER
Entity: class at.qe.g1t2.model.AccessPoint
Id: Access point: 4294ba1b-f794-4e3d-b606-896b28237bcb
Detail: Call get getAuthAccessPoint()

2023-04-27 16:29:54,467 [main] WARN  a.q.g.r.c.SensorStationConnectController - Operation: OTHER
Entity: class at.qe.g1t2.model.AccessPoint
Id: Access point: 4294ba1b-f794-4e3d-b606-896b28237bcb
Detail: Call get getAuthAccessPoint()

2023-04-27 16:29:54,496 [main] WARN  a.q.g.r.c.SensorStationConnectController - Operation: OTHER
Entity: class at.qe.g1t2.model.AccessPoint
Id: Access point: 4294ba1b-f794-4e3d-b606-896b28237bcb
Detail: Call get getAuthAccessPoint()

2023-04-27 16:29:54,572 [main] WARN  a.q.g.r.c.SensorStationConnectController - Operation: OTHER
Entity: class at.qe.g1t2.model.AccessPoint
Id: Access point: 43d5aba9-29c5-49b4-b4ec-2d430e34104f
Detail: Call get getAuthAccessPoint()

2023-04-27 16:29:54,817 [main] WARN  a.q.g.r.c.SensorStationConnectController - Operation: OTHER
Entity: class at.qe.g1t2.model.AccessPoint
Id: Access point: 4294ba1b-f794-4e3d-b606-896b28237bcb
Detail: Call get getAuthAccessPoint()

2023-04-27 16:29:55,119 [main] WARN  at.qe.g1t2.model.AccessPoint - Operation: CONNECTION_FAILURE
Entity: class at.qe.g1t2.model.AccessPoint
Id: Access point: UUIDnull
Detail: enabled: false

2023-04-27 16:31:20,629 [main] WARN  at.qe.g1t2.model.SensorStation - Operation: CONNECTION_FAILURE
Entity: class at.qe.g1t2.model.SensorStation
Id: SensorStation: UUIDiE1ZGhj
Detail: enabled: false

2023-04-27 16:31:20,674 [main] WARN  at.qe.g1t2.model.SensorStation - Operation: CONNECTION_FAILURE
Entity: class at.qe.g1t2.model.SensorStation
Id: SensorStation: UUIDvxTegwx
Detail: enabled: false

2023-04-27 16:31:21,242 [main] WARN  at.qe.g1t2.model.AccessPoint - Operation: CONNECTION_FAILURE
Entity: class at.qe.g1t2.model.AccessPoint
Id: Access point: UUIDivvXeE1GQX25wN
Detail: enabled: false

2023-04-27 16:31:46,481 [main] WARN  at.qe.g1t2.services.UserService - Operation: WARN
Entity: class at.qe.g1t2.model.Userx
Detail: Call getAuthenticatedUser()

2023-04-27 16:31:46,495 [main] WARN  at.qe.g1t2.services.UserService - Operation: WARN
Entity: class at.qe.g1t2.model.Userx
Detail: Call getAuthenticatedUser()

2023-04-27 16:31:49,721 [main] WARN  at.qe.g1t2.services.UserService - Operation: WARN
Entity: class at.qe.g1t2.model.Userx
Detail: Call getAuthenticatedUser()

2023-04-27 16:31:49,739 [main] WARN  at.qe.g1t2.services.UserService - Operation: WARN
Entity: class at.qe.g1t2.model.Userx
Detail: Call getAuthenticatedUser()

2023-04-27 16:31:52,911 [main] WARN  at.qe.g1t2.services.UserService - Operation: WARN
Entity: class at.qe.g1t2.model.Userx
Detail: Call getAuthenticatedUser()

2023-04-27 16:31:52,999 [main] WARN  at.qe.g1t2.services.UserService - Operation: WARN
Entity: class at.qe.g1t2.model.Userx
Detail: Call getAuthenticatedUser()

2023-04-27 16:31:53,093 [main] WARN  at.qe.g1t2.services.UserService - Operation: WARN
Entity: class at.qe.g1t2.model.Userx
Detail: Call getAuthenticatedUser()

2023-04-27 16:31:53,137 [main] WARN  at.qe.g1t2.services.UserService - Operation: WARN
Entity: class at.qe.g1t2.model.Userx
Detail: Call getAuthenticatedUser()

2023-04-27 16:31:56,783 [main] WARN  at.qe.g1t2.services.UserService - Operation: WARN
Entity: class at.qe.g1t2.model.Userx
Detail: Call getAuthenticatedUser()

2023-04-27 16:31:56,966 [main] WARN  at.qe.g1t2.services.UserService - Operation: WARN
Entity: class at.qe.g1t2.model.Userx
Detail: Call getAuthenticatedUser()

2023-04-27 16:31:56,989 [main] WARN  at.qe.g1t2.services.UserService - Operation: WARN
Entity: class at.qe.g1t2.model.Userx
Detail: Call getAuthenticatedUser()

2023-04-27 16:31:57,040 [main] WARN  at.qe.g1t2.services.UserService - Operation: WARN
Entity: class at.qe.g1t2.model.Userx
Detail: Call getAuthenticatedUser()

2023-04-27 16:31:59,920 [main] WARN  at.qe.g1t2.services.UserService - Operation: WARN
Entity: class at.qe.g1t2.model.Userx
Detail: Call getAuthenticatedUser()

2023-04-27 16:32:00,086 [main] WARN  at.qe.g1t2.services.UserService - Operation: WARN
Entity: class at.qe.g1t2.model.Userx
Detail: Call getAuthenticatedUser()

2023-04-27 16:32:00,134 [main] WARN  at.qe.g1t2.services.UserService - Operation: WARN
Entity: class at.qe.g1t2.model.Userx
Detail: Call getAuthenticatedUser()

2023-04-27 16:32:03,419 [main] WARN  a.q.g.r.c.AccessPointConnectionController - Operation: OTHER
Entity: class at.qe.g1t2.model.AccessPoint
Id: Access point: 4294ba1b-f794-4e3d-b606-896b28237bcb
Detail: Call get getAuthAccessPoint()

2023-04-27 16:32:03,782 [main] WARN  a.q.g.r.c.AccessPointConnectionController - Operation: OTHER
Entity: class at.qe.g1t2.model.AccessPoint
Id: Access point: 4294ba1b-f794-4e3d-b606-896b28237bcb
Detail: Call get getAuthAccessPoint()

2023-04-27 16:32:04,660 [main] WARN  a.q.g.r.c.SensorStationConnectController - Operation: OTHER
Entity: class at.qe.g1t2.model.AccessPoint
Id: Access point: 43d5aba9-29c5-49b4-b4ec-2d430e34104f
Detail: Call get getAuthAccessPoint()

2023-04-27 16:32:04,773 [main] WARN  a.q.g.r.c.SensorStationConnectController - Operation: OTHER
Entity: class at.qe.g1t2.model.AccessPoint
Id: Access point: 4294ba1b-f794-4e3d-b606-896b28237bcb
Detail: Call get getAuthAccessPoint()

2023-04-27 16:32:04,850 [main] WARN  a.q.g.r.c.SensorStationConnectController - Operation: OTHER
Entity: class at.qe.g1t2.model.AccessPoint
Id: Access point: 4294ba1b-f794-4e3d-b606-896b28237bcb
Detail: Call get getAuthAccessPoint()

2023-04-27 16:32:04,858 [main] WARN  a.q.g.r.c.SensorStationConnectController - Operation: OTHER
Entity: class at.qe.g1t2.model.AccessPoint
Id: Access point: 4294ba1b-f794-4e3d-b606-896b28237bcb
Detail: Call get getAuthAccessPoint()

2023-04-27 16:32:04,860 [main] WARN  a.q.g.r.c.SensorStationConnectController - Operation: OTHER
Entity: class at.qe.g1t2.model.AccessPoint
Id: Access point: 4294ba1b-f794-4e3d-b606-896b28237bcb
Detail: Call get getAuthAccessPoint()

2023-04-27 16:32:04,920 [main] WARN  a.q.g.r.c.SensorStationConnectController - Operation: OTHER
Entity: class at.qe.g1t2.model.AccessPoint
Id: Access point: 4294ba1b-f794-4e3d-b606-896b28237bcb
Detail: Call get getAuthAccessPoint()

2023-04-27 16:32:04,923 [main] WARN  a.q.g.r.c.SensorStationConnectController - Operation: OTHER
Entity: class at.qe.g1t2.model.AccessPoint
Id: Access point: 4294ba1b-f794-4e3d-b606-896b28237bcb
Detail: Call get getAuthAccessPoint()

2023-04-27 16:32:04,942 [main] WARN  a.q.g.r.c.SensorStationConnectController - Operation: OTHER
Entity: class at.qe.g1t2.model.AccessPoint
Id: Access point: 4294ba1b-f794-4e3d-b606-896b28237bcb
Detail: Call get getAuthAccessPoint()

2023-04-27 16:32:05,019 [main] WARN  a.q.g.r.c.SensorStationConnectController - Operation: OTHER
Entity: class at.qe.g1t2.model.AccessPoint
Id: Access point: 4294ba1b-f794-4e3d-b606-896b28237bcb
Detail: Call get getAuthAccessPoint()

2023-04-27 16:32:05,046 [main] WARN  a.q.g.r.c.SensorStationConnectController - Operation: OTHER
Entity: class at.qe.g1t2.model.AccessPoint
Id: Access point: 4294ba1b-f794-4e3d-b606-896b28237bcb
Detail: Call get getAuthAccessPoint()

2023-04-27 16:32:05,115 [main] WARN  a.q.g.r.c.SensorStationConnectController - Operation: OTHER
Entity: class at.qe.g1t2.model.AccessPoint
Id: Access point: 43d5aba9-29c5-49b4-b4ec-2d430e34104f
Detail: Call get getAuthAccessPoint()

2023-04-27 16:32:05,325 [main] WARN  a.q.g.r.c.SensorStationConnectController - Operation: OTHER
Entity: class at.qe.g1t2.model.AccessPoint
Id: Access point: 4294ba1b-f794-4e3d-b606-896b28237bcb
Detail: Call get getAuthAccessPoint()

2023-04-27 16:32:05,655 [main] WARN  at.qe.g1t2.model.AccessPoint - Operation: CONNECTION_FAILURE
Entity: class at.qe.g1t2.model.AccessPoint
Id: Access point: UUIDnull
Detail: enabled: false

2023-04-27 18:20:33,322 [main] WARN  at.qe.g1t2.model.SensorStation - Operation: CONNECTION_FAILURE
Entity: class at.qe.g1t2.model.SensorStation
Id: SensorStation: UUIDgLZc5q
Detail: enabled: false

2023-04-27 18:20:59,423 [main] WARN  at.qe.g1t2.services.UserService - Operation: WARN
Entity: class at.qe.g1t2.model.Userx
Detail: Call getAuthenticatedUser()

2023-04-27 18:20:59,438 [main] WARN  at.qe.g1t2.services.UserService - Operation: WARN
Entity: class at.qe.g1t2.model.Userx
Detail: Call getAuthenticatedUser()

2023-04-27 18:21:02,618 [main] WARN  at.qe.g1t2.services.UserService - Operation: WARN
Entity: class at.qe.g1t2.model.Userx
Detail: Call getAuthenticatedUser()

2023-04-27 18:21:02,637 [main] WARN  at.qe.g1t2.services.UserService - Operation: WARN
Entity: class at.qe.g1t2.model.Userx
Detail: Call getAuthenticatedUser()

2023-04-27 18:21:05,881 [main] WARN  at.qe.g1t2.services.UserService - Operation: WARN
Entity: class at.qe.g1t2.model.Userx
Detail: Call getAuthenticatedUser()

2023-04-27 18:21:05,965 [main] WARN  at.qe.g1t2.services.UserService - Operation: WARN
Entity: class at.qe.g1t2.model.Userx
Detail: Call getAuthenticatedUser()

2023-04-27 18:21:06,100 [main] WARN  at.qe.g1t2.services.UserService - Operation: WARN
Entity: class at.qe.g1t2.model.Userx
Detail: Call getAuthenticatedUser()

2023-04-27 18:21:06,135 [main] WARN  at.qe.g1t2.services.UserService - Operation: WARN
Entity: class at.qe.g1t2.model.Userx
Detail: Call getAuthenticatedUser()

2023-04-27 18:21:09,336 [main] WARN  at.qe.g1t2.services.UserService - Operation: WARN
Entity: class at.qe.g1t2.model.Userx
Detail: Call getAuthenticatedUser()

2023-04-27 18:21:09,500 [main] WARN  at.qe.g1t2.services.UserService - Operation: WARN
Entity: class at.qe.g1t2.model.Userx
Detail: Call getAuthenticatedUser()

2023-04-27 18:21:09,524 [main] WARN  at.qe.g1t2.services.UserService - Operation: WARN
Entity: class at.qe.g1t2.model.Userx
Detail: Call getAuthenticatedUser()

2023-04-27 18:21:09,574 [main] WARN  at.qe.g1t2.services.UserService - Operation: WARN
Entity: class at.qe.g1t2.model.Userx
Detail: Call getAuthenticatedUser()

2023-04-27 18:21:12,624 [main] WARN  at.qe.g1t2.services.UserService - Operation: WARN
Entity: class at.qe.g1t2.model.Userx
Detail: Call getAuthenticatedUser()

2023-04-27 18:21:12,821 [main] WARN  at.qe.g1t2.services.UserService - Operation: WARN
Entity: class at.qe.g1t2.model.Userx
Detail: Call getAuthenticatedUser()

2023-04-27 18:21:12,863 [main] WARN  at.qe.g1t2.services.UserService - Operation: WARN
Entity: class at.qe.g1t2.model.Userx
Detail: Call getAuthenticatedUser()

2023-04-27 18:21:15,933 [main] WARN  a.q.g.r.c.AccessPointConnectionController - Operation: OTHER
Entity: class at.qe.g1t2.model.AccessPoint
Id: Access point: 4294ba1b-f794-4e3d-b606-896b28237bcb
Detail: Call get getAuthAccessPoint()

2023-04-27 18:21:16,272 [main] WARN  a.q.g.r.c.AccessPointConnectionController - Operation: OTHER
Entity: class at.qe.g1t2.model.AccessPoint
Id: Access point: 4294ba1b-f794-4e3d-b606-896b28237bcb
Detail: Call get getAuthAccessPoint()

2023-04-27 18:21:17,121 [main] WARN  a.q.g.r.c.SensorStationConnectController - Operation: OTHER
Entity: class at.qe.g1t2.model.AccessPoint
Id: Access point: 43d5aba9-29c5-49b4-b4ec-2d430e34104f
Detail: Call get getAuthAccessPoint()

2023-04-27 18:21:17,199 [main] WARN  a.q.g.r.c.SensorStationConnectController - Operation: OTHER
Entity: class at.qe.g1t2.model.AccessPoint
Id: Access point: 4294ba1b-f794-4e3d-b606-896b28237bcb
Detail: Call get getAuthAccessPoint()

2023-04-27 18:21:17,255 [main] WARN  a.q.g.r.c.SensorStationConnectController - Operation: OTHER
Entity: class at.qe.g1t2.model.AccessPoint
Id: Access point: 4294ba1b-f794-4e3d-b606-896b28237bcb
Detail: Call get getAuthAccessPoint()

2023-04-27 18:21:17,262 [main] WARN  a.q.g.r.c.SensorStationConnectController - Operation: OTHER
Entity: class at.qe.g1t2.model.AccessPoint
Id: Access point: 4294ba1b-f794-4e3d-b606-896b28237bcb
Detail: Call get getAuthAccessPoint()

2023-04-27 18:21:17,264 [main] WARN  a.q.g.r.c.SensorStationConnectController - Operation: OTHER
Entity: class at.qe.g1t2.model.AccessPoint
Id: Access point: 4294ba1b-f794-4e3d-b606-896b28237bcb
Detail: Call get getAuthAccessPoint()

2023-04-27 18:21:17,322 [main] WARN  a.q.g.r.c.SensorStationConnectController - Operation: OTHER
Entity: class at.qe.g1t2.model.AccessPoint
Id: Access point: 4294ba1b-f794-4e3d-b606-896b28237bcb
Detail: Call get getAuthAccessPoint()

2023-04-27 18:21:17,324 [main] WARN  a.q.g.r.c.SensorStationConnectController - Operation: OTHER
Entity: class at.qe.g1t2.model.AccessPoint
Id: Access point: 4294ba1b-f794-4e3d-b606-896b28237bcb
Detail: Call get getAuthAccessPoint()

2023-04-27 18:21:17,344 [main] WARN  a.q.g.r.c.SensorStationConnectController - Operation: OTHER
Entity: class at.qe.g1t2.model.AccessPoint
Id: Access point: 4294ba1b-f794-4e3d-b606-896b28237bcb
Detail: Call get getAuthAccessPoint()

2023-04-27 18:21:17,430 [main] WARN  a.q.g.r.c.SensorStationConnectController - Operation: OTHER
Entity: class at.qe.g1t2.model.AccessPoint
Id: Access point: 4294ba1b-f794-4e3d-b606-896b28237bcb
Detail: Call get getAuthAccessPoint()

2023-04-27 18:21:17,465 [main] WARN  a.q.g.r.c.SensorStationConnectController - Operation: OTHER
Entity: class at.qe.g1t2.model.AccessPoint
Id: Access point: 4294ba1b-f794-4e3d-b606-896b28237bcb
Detail: Call get getAuthAccessPoint()

2023-04-27 18:21:17,537 [main] WARN  a.q.g.r.c.SensorStationConnectController - Operation: OTHER
Entity: class at.qe.g1t2.model.AccessPoint
Id: Access point: 43d5aba9-29c5-49b4-b4ec-2d430e34104f
Detail: Call get getAuthAccessPoint()

2023-04-27 18:21:17,771 [main] WARN  a.q.g.r.c.SensorStationConnectController - Operation: OTHER
Entity: class at.qe.g1t2.model.AccessPoint
Id: Access point: 4294ba1b-f794-4e3d-b606-896b28237bcb
Detail: Call get getAuthAccessPoint()

2023-04-27 18:21:18,111 [main] WARN  at.qe.g1t2.model.AccessPoint - Operation: CONNECTION_FAILURE
Entity: class at.qe.g1t2.model.AccessPoint
Id: Access point: UUIDnull
Detail: enabled: false

2023-04-27 18:24:31,098 [main] WARN  at.qe.g1t2.services.UserService - Operation: WARN
Entity: class at.qe.g1t2.model.Userx
Detail: Call getAuthenticatedUser()

2023-04-27 18:24:31,117 [main] WARN  at.qe.g1t2.services.UserService - Operation: WARN
Entity: class at.qe.g1t2.model.Userx
Detail: Call getAuthenticatedUser()

2023-04-27 18:24:34,757 [main] WARN  at.qe.g1t2.services.UserService - Operation: WARN
Entity: class at.qe.g1t2.model.Userx
Detail: Call getAuthenticatedUser()

2023-04-27 18:24:34,778 [main] WARN  at.qe.g1t2.services.UserService - Operation: WARN
Entity: class at.qe.g1t2.model.Userx
Detail: Call getAuthenticatedUser()

2023-04-27 18:24:38,035 [main] WARN  at.qe.g1t2.services.UserService - Operation: WARN
Entity: class at.qe.g1t2.model.Userx
Detail: Call getAuthenticatedUser()

2023-04-27 18:24:38,164 [main] WARN  at.qe.g1t2.services.UserService - Operation: WARN
Entity: class at.qe.g1t2.model.Userx
Detail: Call getAuthenticatedUser()

2023-04-27 18:24:38,255 [main] WARN  at.qe.g1t2.services.UserService - Operation: WARN
Entity: class at.qe.g1t2.model.Userx
Detail: Call getAuthenticatedUser()

2023-04-27 18:24:38,285 [main] WARN  at.qe.g1t2.services.UserService - Operation: WARN
Entity: class at.qe.g1t2.model.Userx
Detail: Call getAuthenticatedUser()

2023-04-27 18:24:41,437 [main] WARN  at.qe.g1t2.services.UserService - Operation: WARN
Entity: class at.qe.g1t2.model.Userx
Detail: Call getAuthenticatedUser()

2023-04-27 18:24:41,617 [main] WARN  at.qe.g1t2.services.UserService - Operation: WARN
Entity: class at.qe.g1t2.model.Userx
Detail: Call getAuthenticatedUser()

2023-04-27 18:24:41,637 [main] WARN  at.qe.g1t2.services.UserService - Operation: WARN
Entity: class at.qe.g1t2.model.Userx
Detail: Call getAuthenticatedUser()

2023-04-27 18:24:41,679 [main] WARN  at.qe.g1t2.services.UserService - Operation: WARN
Entity: class at.qe.g1t2.model.Userx
Detail: Call getAuthenticatedUser()

2023-04-27 18:24:44,719 [main] WARN  at.qe.g1t2.services.UserService - Operation: WARN
Entity: class at.qe.g1t2.model.Userx
Detail: Call getAuthenticatedUser()

2023-04-27 18:24:44,903 [main] WARN  at.qe.g1t2.services.UserService - Operation: WARN
Entity: class at.qe.g1t2.model.Userx
Detail: Call getAuthenticatedUser()

2023-04-27 18:24:44,942 [main] WARN  at.qe.g1t2.services.UserService - Operation: WARN
Entity: class at.qe.g1t2.model.Userx
Detail: Call getAuthenticatedUser()

2023-04-27 18:24:48,364 [main] WARN  a.q.g.r.c.AccessPointConnectionController - Operation: OTHER
Entity: class at.qe.g1t2.model.AccessPoint
Id: Access point: 4294ba1b-f794-4e3d-b606-896b28237bcb
Detail: Call get getAuthAccessPoint()

2023-04-27 18:24:48,740 [main] WARN  a.q.g.r.c.AccessPointConnectionController - Operation: OTHER
Entity: class at.qe.g1t2.model.AccessPoint
Id: Access point: 4294ba1b-f794-4e3d-b606-896b28237bcb
Detail: Call get getAuthAccessPoint()

2023-04-27 18:24:49,513 [main] WARN  a.q.g.r.c.SensorStationConnectController - Operation: OTHER
Entity: class at.qe.g1t2.model.AccessPoint
Id: Access point: 43d5aba9-29c5-49b4-b4ec-2d430e34104f
Detail: Call get getAuthAccessPoint()

2023-04-27 18:24:49,614 [main] WARN  a.q.g.r.c.SensorStationConnectController - Operation: OTHER
Entity: class at.qe.g1t2.model.AccessPoint
Id: Access point: 4294ba1b-f794-4e3d-b606-896b28237bcb
Detail: Call get getAuthAccessPoint()

2023-04-27 18:24:49,676 [main] WARN  a.q.g.r.c.SensorStationConnectController - Operation: OTHER
Entity: class at.qe.g1t2.model.AccessPoint
Id: Access point: 4294ba1b-f794-4e3d-b606-896b28237bcb
Detail: Call get getAuthAccessPoint()

2023-04-27 18:24:49,682 [main] WARN  a.q.g.r.c.SensorStationConnectController - Operation: OTHER
Entity: class at.qe.g1t2.model.AccessPoint
Id: Access point: 4294ba1b-f794-4e3d-b606-896b28237bcb
Detail: Call get getAuthAccessPoint()

2023-04-27 18:24:49,685 [main] WARN  a.q.g.r.c.SensorStationConnectController - Operation: OTHER
Entity: class at.qe.g1t2.model.AccessPoint
Id: Access point: 4294ba1b-f794-4e3d-b606-896b28237bcb
Detail: Call get getAuthAccessPoint()

2023-04-27 18:24:49,743 [main] WARN  a.q.g.r.c.SensorStationConnectController - Operation: OTHER
Entity: class at.qe.g1t2.model.AccessPoint
Id: Access point: 4294ba1b-f794-4e3d-b606-896b28237bcb
Detail: Call get getAuthAccessPoint()

2023-04-27 18:24:49,745 [main] WARN  a.q.g.r.c.SensorStationConnectController - Operation: OTHER
Entity: class at.qe.g1t2.model.AccessPoint
Id: Access point: 4294ba1b-f794-4e3d-b606-896b28237bcb
Detail: Call get getAuthAccessPoint()

2023-04-27 18:24:49,764 [main] WARN  a.q.g.r.c.SensorStationConnectController - Operation: OTHER
Entity: class at.qe.g1t2.model.AccessPoint
Id: Access point: 4294ba1b-f794-4e3d-b606-896b28237bcb
Detail: Call get getAuthAccessPoint()

2023-04-27 18:24:49,847 [main] WARN  a.q.g.r.c.SensorStationConnectController - Operation: OTHER
Entity: class at.qe.g1t2.model.AccessPoint
Id: Access point: 4294ba1b-f794-4e3d-b606-896b28237bcb
Detail: Call get getAuthAccessPoint()

2023-04-27 18:24:49,875 [main] WARN  a.q.g.r.c.SensorStationConnectController - Operation: OTHER
Entity: class at.qe.g1t2.model.AccessPoint
Id: Access point: 4294ba1b-f794-4e3d-b606-896b28237bcb
Detail: Call get getAuthAccessPoint()

2023-04-27 18:24:49,959 [main] WARN  a.q.g.r.c.SensorStationConnectController - Operation: OTHER
Entity: class at.qe.g1t2.model.AccessPoint
Id: Access point: 43d5aba9-29c5-49b4-b4ec-2d430e34104f
Detail: Call get getAuthAccessPoint()

2023-04-27 18:24:50,157 [main] WARN  a.q.g.r.c.SensorStationConnectController - Operation: OTHER
Entity: class at.qe.g1t2.model.AccessPoint
Id: Access point: 4294ba1b-f794-4e3d-b606-896b28237bcb
Detail: Call get getAuthAccessPoint()

2023-04-27 18:24:50,454 [main] WARN  at.qe.g1t2.model.AccessPoint - Operation: CONNECTION_FAILURE
Entity: class at.qe.g1t2.model.AccessPoint
Id: Access point: UUIDnull
Detail: enabled: false

2023-04-27 18:27:10,815 [main] WARN  at.qe.g1t2.model.SensorStation - Operation: CONNECTION_FAILURE
Entity: class at.qe.g1t2.model.SensorStation
Id: SensorStation: UUIDuiXI
Detail: enabled: false

2023-04-27 18:27:10,849 [main] WARN  at.qe.g1t2.model.SensorStation - Operation: CONNECTION_FAILURE
Entity: class at.qe.g1t2.model.SensorStation
Id: SensorStation: UUIDV0TU
Detail: enabled: false

2023-04-27 18:27:11,291 [main] WARN  at.qe.g1t2.model.AccessPoint - Operation: CONNECTION_FAILURE
Entity: class at.qe.g1t2.model.AccessPoint
Id: Access point: UUIDYrmGb
Detail: enabled: false

2023-04-27 18:27:40,515 [main] WARN  at.qe.g1t2.services.UserService - Operation: WARN
Entity: class at.qe.g1t2.model.Userx
Detail: Call getAuthenticatedUser()

2023-04-27 18:27:40,528 [main] WARN  at.qe.g1t2.services.UserService - Operation: WARN
Entity: class at.qe.g1t2.model.Userx
Detail: Call getAuthenticatedUser()

2023-04-27 18:27:43,966 [main] WARN  at.qe.g1t2.services.UserService - Operation: WARN
Entity: class at.qe.g1t2.model.Userx
Detail: Call getAuthenticatedUser()

2023-04-27 18:27:43,984 [main] WARN  at.qe.g1t2.services.UserService - Operation: WARN
Entity: class at.qe.g1t2.model.Userx
Detail: Call getAuthenticatedUser()

2023-04-27 18:27:47,090 [main] WARN  at.qe.g1t2.services.UserService - Operation: WARN
Entity: class at.qe.g1t2.model.Userx
Detail: Call getAuthenticatedUser()

2023-04-27 18:27:47,197 [main] WARN  at.qe.g1t2.services.UserService - Operation: WARN
Entity: class at.qe.g1t2.model.Userx
Detail: Call getAuthenticatedUser()

2023-04-27 18:27:47,265 [main] WARN  at.qe.g1t2.services.UserService - Operation: WARN
Entity: class at.qe.g1t2.model.Userx
Detail: Call getAuthenticatedUser()

2023-04-27 18:27:47,308 [main] WARN  at.qe.g1t2.services.UserService - Operation: WARN
Entity: class at.qe.g1t2.model.Userx
Detail: Call getAuthenticatedUser()

2023-04-27 18:27:50,560 [main] WARN  at.qe.g1t2.services.UserService - Operation: WARN
Entity: class at.qe.g1t2.model.Userx
Detail: Call getAuthenticatedUser()

2023-04-27 18:27:50,735 [main] WARN  at.qe.g1t2.services.UserService - Operation: WARN
Entity: class at.qe.g1t2.model.Userx
Detail: Call getAuthenticatedUser()

2023-04-27 18:27:50,771 [main] WARN  at.qe.g1t2.services.UserService - Operation: WARN
Entity: class at.qe.g1t2.model.Userx
Detail: Call getAuthenticatedUser()

2023-04-27 18:27:50,813 [main] WARN  at.qe.g1t2.services.UserService - Operation: WARN
Entity: class at.qe.g1t2.model.Userx
Detail: Call getAuthenticatedUser()

2023-04-27 18:27:53,715 [main] WARN  at.qe.g1t2.services.UserService - Operation: WARN
Entity: class at.qe.g1t2.model.Userx
Detail: Call getAuthenticatedUser()

2023-04-27 18:27:53,871 [main] WARN  at.qe.g1t2.services.UserService - Operation: WARN
Entity: class at.qe.g1t2.model.Userx
Detail: Call getAuthenticatedUser()

2023-04-27 18:27:53,911 [main] WARN  at.qe.g1t2.services.UserService - Operation: WARN
Entity: class at.qe.g1t2.model.Userx
Detail: Call getAuthenticatedUser()

2023-04-27 18:27:57,114 [main] WARN  a.q.g.r.c.AccessPointConnectionController - Operation: OTHER
Entity: class at.qe.g1t2.model.AccessPoint
Id: Access point: 4294ba1b-f794-4e3d-b606-896b28237bcb
Detail: Call get getAuthAccessPoint()

2023-04-27 18:27:57,398 [main] WARN  a.q.g.r.c.AccessPointConnectionController - Operation: OTHER
Entity: class at.qe.g1t2.model.AccessPoint
Id: Access point: 4294ba1b-f794-4e3d-b606-896b28237bcb
Detail: Call get getAuthAccessPoint()

2023-04-27 18:27:58,117 [main] WARN  a.q.g.r.c.SensorStationConnectController - Operation: OTHER
Entity: class at.qe.g1t2.model.AccessPoint
Id: Access point: 43d5aba9-29c5-49b4-b4ec-2d430e34104f
Detail: Call get getAuthAccessPoint()

2023-04-27 18:27:58,179 [main] WARN  a.q.g.r.c.SensorStationConnectController - Operation: OTHER
Entity: class at.qe.g1t2.model.AccessPoint
Id: Access point: 4294ba1b-f794-4e3d-b606-896b28237bcb
Detail: Call get getAuthAccessPoint()

2023-04-27 18:27:58,232 [main] WARN  a.q.g.r.c.SensorStationConnectController - Operation: OTHER
Entity: class at.qe.g1t2.model.AccessPoint
Id: Access point: 4294ba1b-f794-4e3d-b606-896b28237bcb
Detail: Call get getAuthAccessPoint()

2023-04-27 18:27:58,239 [main] WARN  a.q.g.r.c.SensorStationConnectController - Operation: OTHER
Entity: class at.qe.g1t2.model.AccessPoint
Id: Access point: 4294ba1b-f794-4e3d-b606-896b28237bcb
Detail: Call get getAuthAccessPoint()

2023-04-27 18:27:58,242 [main] WARN  a.q.g.r.c.SensorStationConnectController - Operation: OTHER
Entity: class at.qe.g1t2.model.AccessPoint
Id: Access point: 4294ba1b-f794-4e3d-b606-896b28237bcb
Detail: Call get getAuthAccessPoint()

2023-04-27 18:27:58,298 [main] WARN  a.q.g.r.c.SensorStationConnectController - Operation: OTHER
Entity: class at.qe.g1t2.model.AccessPoint
Id: Access point: 4294ba1b-f794-4e3d-b606-896b28237bcb
Detail: Call get getAuthAccessPoint()

2023-04-27 18:27:58,300 [main] WARN  a.q.g.r.c.SensorStationConnectController - Operation: OTHER
Entity: class at.qe.g1t2.model.AccessPoint
Id: Access point: 4294ba1b-f794-4e3d-b606-896b28237bcb
Detail: Call get getAuthAccessPoint()

2023-04-27 18:27:58,320 [main] WARN  a.q.g.r.c.SensorStationConnectController - Operation: OTHER
Entity: class at.qe.g1t2.model.AccessPoint
Id: Access point: 4294ba1b-f794-4e3d-b606-896b28237bcb
Detail: Call get getAuthAccessPoint()

2023-04-27 18:27:58,393 [main] WARN  a.q.g.r.c.SensorStationConnectController - Operation: OTHER
Entity: class at.qe.g1t2.model.AccessPoint
Id: Access point: 4294ba1b-f794-4e3d-b606-896b28237bcb
Detail: Call get getAuthAccessPoint()

2023-04-27 18:27:58,421 [main] WARN  a.q.g.r.c.SensorStationConnectController - Operation: OTHER
Entity: class at.qe.g1t2.model.AccessPoint
Id: Access point: 4294ba1b-f794-4e3d-b606-896b28237bcb
Detail: Call get getAuthAccessPoint()

2023-04-27 18:27:58,507 [main] WARN  a.q.g.r.c.SensorStationConnectController - Operation: OTHER
Entity: class at.qe.g1t2.model.AccessPoint
Id: Access point: 43d5aba9-29c5-49b4-b4ec-2d430e34104f
Detail: Call get getAuthAccessPoint()

2023-04-27 18:27:58,717 [main] WARN  a.q.g.r.c.SensorStationConnectController - Operation: OTHER
Entity: class at.qe.g1t2.model.AccessPoint
Id: Access point: 4294ba1b-f794-4e3d-b606-896b28237bcb
Detail: Call get getAuthAccessPoint()

2023-04-27 18:27:59,069 [main] WARN  at.qe.g1t2.model.AccessPoint - Operation: CONNECTION_FAILURE
Entity: class at.qe.g1t2.model.AccessPoint
Id: Access point: UUIDnull
Detail: enabled: false

2023-04-27 20:52:09,194 [main] WARN  at.qe.g1t2.model.SensorStation - Operation: CONNECTION_FAILURE
Entity: class at.qe.g1t2.model.SensorStation
Id: SensorStation: UUIDJUx
Detail: enabled: false

2023-04-27 20:52:09,951 [main] WARN  at.qe.g1t2.model.AccessPoint - Operation: CONNECTION_FAILURE
Entity: class at.qe.g1t2.model.AccessPoint
Id: Access point: UUIDj9sKyP
Detail: enabled: false

2023-04-27 20:52:40,879 [main] WARN  at.qe.g1t2.services.UserService - Operation: WARN
Entity: class at.qe.g1t2.model.Userx
Detail: Call getAuthenticatedUser()

2023-04-27 20:52:40,893 [main] WARN  at.qe.g1t2.services.UserService - Operation: WARN
Entity: class at.qe.g1t2.model.Userx
Detail: Call getAuthenticatedUser()

2023-04-27 20:52:44,400 [main] WARN  at.qe.g1t2.services.UserService - Operation: WARN
Entity: class at.qe.g1t2.model.Userx
Detail: Call getAuthenticatedUser()

2023-04-27 20:52:44,417 [main] WARN  at.qe.g1t2.services.UserService - Operation: WARN
Entity: class at.qe.g1t2.model.Userx
Detail: Call getAuthenticatedUser()

2023-04-27 20:52:48,330 [main] WARN  at.qe.g1t2.services.UserService - Operation: WARN
Entity: class at.qe.g1t2.model.Userx
Detail: Call getAuthenticatedUser()

2023-04-27 20:52:48,442 [main] WARN  at.qe.g1t2.services.UserService - Operation: WARN
Entity: class at.qe.g1t2.model.Userx
Detail: Call getAuthenticatedUser()

2023-04-27 20:52:48,529 [main] WARN  at.qe.g1t2.services.UserService - Operation: WARN
Entity: class at.qe.g1t2.model.Userx
Detail: Call getAuthenticatedUser()

2023-04-27 20:52:48,553 [main] WARN  at.qe.g1t2.services.UserService - Operation: WARN
Entity: class at.qe.g1t2.model.Userx
Detail: Call getAuthenticatedUser()

2023-04-27 20:52:52,386 [main] WARN  at.qe.g1t2.services.UserService - Operation: WARN
Entity: class at.qe.g1t2.model.Userx
Detail: Call getAuthenticatedUser()

2023-04-27 20:52:52,571 [main] WARN  at.qe.g1t2.services.UserService - Operation: WARN
Entity: class at.qe.g1t2.model.Userx
Detail: Call getAuthenticatedUser()

2023-04-27 20:52:52,597 [main] WARN  at.qe.g1t2.services.UserService - Operation: WARN
Entity: class at.qe.g1t2.model.Userx
Detail: Call getAuthenticatedUser()

2023-04-27 20:52:52,654 [main] WARN  at.qe.g1t2.services.UserService - Operation: WARN
Entity: class at.qe.g1t2.model.Userx
Detail: Call getAuthenticatedUser()

2023-04-27 20:52:55,604 [main] WARN  at.qe.g1t2.services.UserService - Operation: WARN
Entity: class at.qe.g1t2.model.Userx
Detail: Call getAuthenticatedUser()

2023-04-27 20:52:55,820 [main] WARN  at.qe.g1t2.services.UserService - Operation: WARN
Entity: class at.qe.g1t2.model.Userx
Detail: Call getAuthenticatedUser()

2023-04-27 20:52:55,855 [main] WARN  at.qe.g1t2.services.UserService - Operation: WARN
Entity: class at.qe.g1t2.model.Userx
Detail: Call getAuthenticatedUser()

2023-04-27 20:53:01,745 [main] WARN  a.q.g.r.c.AccessPointConnectionController - Operation: OTHER
Entity: class at.qe.g1t2.model.AccessPoint
Id: Access point: 4294ba1b-f794-4e3d-b606-896b28237bcb
Detail: Call get getAuthAccessPoint()

2023-04-27 20:53:02,123 [main] WARN  a.q.g.r.c.AccessPointConnectionController - Operation: OTHER
Entity: class at.qe.g1t2.model.AccessPoint
Id: Access point: 4294ba1b-f794-4e3d-b606-896b28237bcb
Detail: Call get getAuthAccessPoint()

2023-04-27 20:53:03,023 [main] WARN  a.q.g.r.c.SensorStationConnectController - Operation: OTHER
Entity: class at.qe.g1t2.model.AccessPoint
Id: Access point: 43d5aba9-29c5-49b4-b4ec-2d430e34104f
Detail: Call get getAuthAccessPoint()

2023-04-27 20:53:03,096 [main] WARN  a.q.g.r.c.SensorStationConnectController - Operation: OTHER
Entity: class at.qe.g1t2.model.AccessPoint
Id: Access point: 4294ba1b-f794-4e3d-b606-896b28237bcb
Detail: Call get getAuthAccessPoint()

2023-04-27 20:53:03,150 [main] WARN  a.q.g.r.c.SensorStationConnectController - Operation: OTHER
Entity: class at.qe.g1t2.model.AccessPoint
Id: Access point: 4294ba1b-f794-4e3d-b606-896b28237bcb
Detail: Call get getAuthAccessPoint()

2023-04-27 20:53:03,156 [main] WARN  a.q.g.r.c.SensorStationConnectController - Operation: OTHER
Entity: class at.qe.g1t2.model.AccessPoint
Id: Access point: 4294ba1b-f794-4e3d-b606-896b28237bcb
Detail: Call get getAuthAccessPoint()

2023-04-27 20:53:03,158 [main] WARN  a.q.g.r.c.SensorStationConnectController - Operation: OTHER
Entity: class at.qe.g1t2.model.AccessPoint
Id: Access point: 4294ba1b-f794-4e3d-b606-896b28237bcb
Detail: Call get getAuthAccessPoint()

2023-04-27 20:53:03,245 [main] WARN  a.q.g.r.c.SensorStationConnectController - Operation: OTHER
Entity: class at.qe.g1t2.model.AccessPoint
Id: Access point: 4294ba1b-f794-4e3d-b606-896b28237bcb
Detail: Call get getAuthAccessPoint()

2023-04-27 20:53:03,247 [main] WARN  a.q.g.r.c.SensorStationConnectController - Operation: OTHER
Entity: class at.qe.g1t2.model.AccessPoint
Id: Access point: 4294ba1b-f794-4e3d-b606-896b28237bcb
Detail: Call get getAuthAccessPoint()

2023-04-27 20:53:03,298 [main] WARN  a.q.g.r.c.SensorStationConnectController - Operation: OTHER
Entity: class at.qe.g1t2.model.AccessPoint
Id: Access point: 4294ba1b-f794-4e3d-b606-896b28237bcb
Detail: Call get getAuthAccessPoint()

2023-04-27 20:53:03,418 [main] WARN  a.q.g.r.c.SensorStationConnectController - Operation: OTHER
Entity: class at.qe.g1t2.model.AccessPoint
Id: Access point: 4294ba1b-f794-4e3d-b606-896b28237bcb
Detail: Call get getAuthAccessPoint()

2023-04-27 20:53:03,482 [main] WARN  a.q.g.r.c.SensorStationConnectController - Operation: OTHER
Entity: class at.qe.g1t2.model.AccessPoint
Id: Access point: 4294ba1b-f794-4e3d-b606-896b28237bcb
Detail: Call get getAuthAccessPoint()

2023-04-27 20:53:03,582 [main] WARN  a.q.g.r.c.SensorStationConnectController - Operation: OTHER
Entity: class at.qe.g1t2.model.AccessPoint
Id: Access point: 43d5aba9-29c5-49b4-b4ec-2d430e34104f
Detail: Call get getAuthAccessPoint()

2023-04-27 20:53:03,867 [main] WARN  a.q.g.r.c.SensorStationConnectController - Operation: OTHER
Entity: class at.qe.g1t2.model.AccessPoint
Id: Access point: 4294ba1b-f794-4e3d-b606-896b28237bcb
Detail: Call get getAuthAccessPoint()

2023-04-27 20:53:04,249 [main] WARN  at.qe.g1t2.model.AccessPoint - Operation: CONNECTION_FAILURE
Entity: class at.qe.g1t2.model.AccessPoint
Id: Access point: UUIDnull
Detail: enabled: false

2023-04-27 21:10:17,284 [main] WARN  at.qe.g1t2.model.SensorStation - Operation: CONNECTION_FAILURE
Entity: class at.qe.g1t2.model.SensorStation
Id: SensorStation: UUIDja2q0iqxiK
Detail: enabled: false

2023-04-27 21:10:17,336 [main] WARN  at.qe.g1t2.model.SensorStation - Operation: CONNECTION_FAILURE
Entity: class at.qe.g1t2.model.SensorStation
Id: SensorStation: UUIDjU
Detail: enabled: false

2023-04-27 21:10:54,835 [main] WARN  at.qe.g1t2.services.UserService - Operation: WARN
Entity: class at.qe.g1t2.model.Userx
Detail: Call getAuthenticatedUser()

2023-04-27 21:10:54,852 [main] WARN  at.qe.g1t2.services.UserService - Operation: WARN
Entity: class at.qe.g1t2.model.Userx
Detail: Call getAuthenticatedUser()

2023-04-27 21:10:58,334 [main] WARN  at.qe.g1t2.services.UserService - Operation: WARN
Entity: class at.qe.g1t2.model.Userx
Detail: Call getAuthenticatedUser()

2023-04-27 21:10:58,352 [main] WARN  at.qe.g1t2.services.UserService - Operation: WARN
Entity: class at.qe.g1t2.model.Userx
Detail: Call getAuthenticatedUser()

2023-04-27 21:11:01,934 [main] WARN  at.qe.g1t2.services.UserService - Operation: WARN
Entity: class at.qe.g1t2.model.Userx
Detail: Call getAuthenticatedUser()

2023-04-27 21:11:02,150 [main] WARN  at.qe.g1t2.services.UserService - Operation: WARN
Entity: class at.qe.g1t2.model.Userx
Detail: Call getAuthenticatedUser()

2023-04-27 21:11:02,253 [main] WARN  at.qe.g1t2.services.UserService - Operation: WARN
Entity: class at.qe.g1t2.model.Userx
Detail: Call getAuthenticatedUser()

2023-04-27 21:11:02,286 [main] WARN  at.qe.g1t2.services.UserService - Operation: WARN
Entity: class at.qe.g1t2.model.Userx
Detail: Call getAuthenticatedUser()

2023-04-27 21:11:06,793 [main] WARN  at.qe.g1t2.services.UserService - Operation: WARN
Entity: class at.qe.g1t2.model.Userx
Detail: Call getAuthenticatedUser()

2023-04-27 21:11:07,019 [main] WARN  at.qe.g1t2.services.UserService - Operation: WARN
Entity: class at.qe.g1t2.model.Userx
Detail: Call getAuthenticatedUser()

2023-04-27 21:11:07,056 [main] WARN  at.qe.g1t2.services.UserService - Operation: WARN
Entity: class at.qe.g1t2.model.Userx
Detail: Call getAuthenticatedUser()

2023-04-27 21:11:07,162 [main] WARN  at.qe.g1t2.services.UserService - Operation: WARN
Entity: class at.qe.g1t2.model.Userx
Detail: Call getAuthenticatedUser()

2023-04-27 21:11:10,545 [main] WARN  at.qe.g1t2.services.UserService - Operation: WARN
Entity: class at.qe.g1t2.model.Userx
Detail: Call getAuthenticatedUser()

2023-04-27 21:11:10,717 [main] WARN  at.qe.g1t2.services.UserService - Operation: WARN
Entity: class at.qe.g1t2.model.Userx
Detail: Call getAuthenticatedUser()

2023-04-27 21:11:10,764 [main] WARN  at.qe.g1t2.services.UserService - Operation: WARN
Entity: class at.qe.g1t2.model.Userx
Detail: Call getAuthenticatedUser()

2023-04-27 21:11:14,588 [main] WARN  a.q.g.r.c.AccessPointConnectionController - Operation: OTHER
Entity: class at.qe.g1t2.model.AccessPoint
Id: Access point: 4294ba1b-f794-4e3d-b606-896b28237bcb
Detail: Call get getAuthAccessPoint()

2023-04-27 21:11:14,920 [main] WARN  a.q.g.r.c.AccessPointConnectionController - Operation: OTHER
Entity: class at.qe.g1t2.model.AccessPoint
Id: Access point: 4294ba1b-f794-4e3d-b606-896b28237bcb
Detail: Call get getAuthAccessPoint()

2023-04-27 21:11:16,018 [main] WARN  a.q.g.r.c.SensorStationConnectController - Operation: OTHER
Entity: class at.qe.g1t2.model.AccessPoint
Id: Access point: 43d5aba9-29c5-49b4-b4ec-2d430e34104f
Detail: Call get getAuthAccessPoint()

2023-04-27 21:11:16,119 [main] WARN  a.q.g.r.c.SensorStationConnectController - Operation: OTHER
Entity: class at.qe.g1t2.model.AccessPoint
Id: Access point: 4294ba1b-f794-4e3d-b606-896b28237bcb
Detail: Call get getAuthAccessPoint()

2023-04-27 21:11:16,201 [main] WARN  a.q.g.r.c.SensorStationConnectController - Operation: OTHER
Entity: class at.qe.g1t2.model.AccessPoint
Id: Access point: 4294ba1b-f794-4e3d-b606-896b28237bcb
Detail: Call get getAuthAccessPoint()

2023-04-27 21:11:16,209 [main] WARN  a.q.g.r.c.SensorStationConnectController - Operation: OTHER
Entity: class at.qe.g1t2.model.AccessPoint
Id: Access point: 4294ba1b-f794-4e3d-b606-896b28237bcb
Detail: Call get getAuthAccessPoint()

2023-04-27 21:11:16,211 [main] WARN  a.q.g.r.c.SensorStationConnectController - Operation: OTHER
Entity: class at.qe.g1t2.model.AccessPoint
Id: Access point: 4294ba1b-f794-4e3d-b606-896b28237bcb
Detail: Call get getAuthAccessPoint()

2023-04-27 21:11:16,303 [main] WARN  a.q.g.r.c.SensorStationConnectController - Operation: OTHER
Entity: class at.qe.g1t2.model.AccessPoint
Id: Access point: 4294ba1b-f794-4e3d-b606-896b28237bcb
Detail: Call get getAuthAccessPoint()

2023-04-27 21:11:16,306 [main] WARN  a.q.g.r.c.SensorStationConnectController - Operation: OTHER
Entity: class at.qe.g1t2.model.AccessPoint
Id: Access point: 4294ba1b-f794-4e3d-b606-896b28237bcb
Detail: Call get getAuthAccessPoint()

2023-04-27 21:11:16,374 [main] WARN  a.q.g.r.c.SensorStationConnectController - Operation: OTHER
Entity: class at.qe.g1t2.model.AccessPoint
Id: Access point: 4294ba1b-f794-4e3d-b606-896b28237bcb
Detail: Call get getAuthAccessPoint()

2023-04-27 21:11:16,505 [main] WARN  a.q.g.r.c.SensorStationConnectController - Operation: OTHER
Entity: class at.qe.g1t2.model.AccessPoint
Id: Access point: 4294ba1b-f794-4e3d-b606-896b28237bcb
Detail: Call get getAuthAccessPoint()

2023-04-27 21:11:16,546 [main] WARN  a.q.g.r.c.SensorStationConnectController - Operation: OTHER
Entity: class at.qe.g1t2.model.AccessPoint
Id: Access point: 4294ba1b-f794-4e3d-b606-896b28237bcb
Detail: Call get getAuthAccessPoint()

2023-04-27 21:11:16,647 [main] WARN  a.q.g.r.c.SensorStationConnectController - Operation: OTHER
Entity: class at.qe.g1t2.model.AccessPoint
Id: Access point: 43d5aba9-29c5-49b4-b4ec-2d430e34104f
Detail: Call get getAuthAccessPoint()

2023-04-27 21:11:16,977 [main] WARN  a.q.g.r.c.SensorStationConnectController - Operation: OTHER
Entity: class at.qe.g1t2.model.AccessPoint
Id: Access point: 4294ba1b-f794-4e3d-b606-896b28237bcb
Detail: Call get getAuthAccessPoint()

2023-04-27 21:11:17,481 [main] WARN  at.qe.g1t2.model.AccessPoint - Operation: CONNECTION_FAILURE
Entity: class at.qe.g1t2.model.AccessPoint
Id: Access point: UUIDnull
Detail: enabled: false

2023-04-28 20:09:40,009 [main] WARN  o.s.w.s.m.s.DefaultHandlerExceptionResolver - Resolved [org.springframework.web.multipart.support.MissingServletRequestPartException: Required part 'file' is not present.]
2023-04-28 20:14:35,470 [main] WARN  o.s.w.s.m.s.DefaultHandlerExceptionResolver - Resolved [org.springframework.web.multipart.support.MissingServletRequestPartException: Required part 'file' is not present.]
2023-04-28 20:16:39,771 [main] WARN  o.s.w.s.m.s.DefaultHandlerExceptionResolver - Resolved [org.springframework.web.multipart.support.MissingServletRequestPartException: Required part 'file' is not present.]
2023-04-28 21:10:24,261 [main] WARN  at.qe.g1t2.model.AccessPoint - Operation: CONNECTION_FAILURE
Entity: class at.qe.g1t2.model.AccessPoint
Id: Access point: UUIDd4sN1C
Detail: enabled: false

2023-04-28 21:10:24,269 [main] WARN  at.qe.g1t2.model.AccessPoint - Operation: CONNECTION_FAILURE
Entity: class at.qe.g1t2.model.AccessPoint
Id: Access point: UUIDlBBvwcFbe
Detail: enabled: false

2023-04-28 21:10:28,291 [main] WARN  a.q.g.r.c.AccessPointConnectionController - Operation: OTHER
Entity: class at.qe.g1t2.model.AccessPoint
Id: Access point: 4294ba1b-f794-4e3d-b606-896b28237bcb
Detail: Call get getAuthAccessPoint()

2023-04-28 21:10:28,716 [main] WARN  a.q.g.r.c.AccessPointConnectionController - Operation: OTHER
Entity: class at.qe.g1t2.model.AccessPoint
Id: Access point: 4294ba1b-f794-4e3d-b606-896b28237bcb
Detail: Call get getAuthAccessPoint()

2023-04-28 21:10:29,363 [main] WARN  at.qe.g1t2.model.AccessPoint - Operation: CONNECTION_FAILURE
Entity: class at.qe.g1t2.model.AccessPoint
Id: Access point: UUIDnull
Detail: enabled: false

2023-04-28 21:10:37,397 [main] WARN  a.q.g.r.c.SensorStationConnectController - Operation: OTHER
Entity: class at.qe.g1t2.model.AccessPoint
Id: Access point: 43d5aba9-29c5-49b4-b4ec-2d430e34104f
Detail: Call get getAuthAccessPoint()

2023-04-28 21:10:37,441 [main] WARN  a.q.g.r.c.SensorStationConnectController - Operation: OTHER
Entity: class at.qe.g1t2.model.AccessPoint
Id: Access point: 4294ba1b-f794-4e3d-b606-896b28237bcb
Detail: Call get getAuthAccessPoint()

2023-04-28 21:10:37,447 [main] WARN  a.q.g.r.c.SensorStationConnectController - Operation: OTHER
Entity: class at.qe.g1t2.model.AccessPoint
Id: Access point: 4294ba1b-f794-4e3d-b606-896b28237bcb
Detail: Call get getAuthAccessPoint()

2023-04-28 21:10:37,546 [main] WARN  a.q.g.r.c.SensorStationConnectController - Operation: OTHER
Entity: class at.qe.g1t2.model.AccessPoint
Id: Access point: 4294ba1b-f794-4e3d-b606-896b28237bcb
Detail: Call get getAuthAccessPoint()

2023-04-28 21:10:37,550 [main] WARN  a.q.g.r.c.SensorStationConnectController - Operation: OTHER
Entity: class at.qe.g1t2.model.AccessPoint
Id: Access point: 4294ba1b-f794-4e3d-b606-896b28237bcb
Detail: Call get getAuthAccessPoint()

2023-04-28 21:10:37,592 [main] WARN  a.q.g.r.c.SensorStationConnectController - Operation: OTHER
Entity: class at.qe.g1t2.model.AccessPoint
Id: Access point: 4294ba1b-f794-4e3d-b606-896b28237bcb
Detail: Call get getAuthAccessPoint()

2023-04-28 21:10:37,633 [main] WARN  a.q.g.r.c.SensorStationConnectController - Operation: OTHER
Entity: class at.qe.g1t2.model.AccessPoint
Id: Access point: 4294ba1b-f794-4e3d-b606-896b28237bcb
Detail: Call get getAuthAccessPoint()

2023-04-28 21:10:37,683 [main] WARN  a.q.g.r.c.SensorStationConnectController - Operation: OTHER
Entity: class at.qe.g1t2.model.AccessPoint
Id: Access point: 4294ba1b-f794-4e3d-b606-896b28237bcb
Detail: Call get getAuthAccessPoint()

2023-04-28 21:10:37,715 [main] WARN  a.q.g.r.c.SensorStationConnectController - Operation: OTHER
Entity: class at.qe.g1t2.model.AccessPoint
Id: Access point: 4294ba1b-f794-4e3d-b606-896b28237bcb
Detail: Call get getAuthAccessPoint()

2023-04-28 21:10:37,787 [main] WARN  a.q.g.r.c.SensorStationConnectController - Operation: OTHER
Entity: class at.qe.g1t2.model.AccessPoint
Id: Access point: 43d5aba9-29c5-49b4-b4ec-2d430e34104f
Detail: Call get getAuthAccessPoint()

2023-04-28 21:10:37,843 [main] WARN  a.q.g.r.c.SensorStationConnectController - Operation: OTHER
Entity: class at.qe.g1t2.model.AccessPoint
Id: Access point: 4294ba1b-f794-4e3d-b606-896b28237bcb
Detail: Call get getAuthAccessPoint()

2023-04-28 21:11:09,192 [main] WARN  at.qe.g1t2.services.UserService - Operation: WARN
Entity: class at.qe.g1t2.model.Userx
Detail: Call getAuthenticatedUser()

2023-04-28 21:11:09,198 [main] WARN  at.qe.g1t2.services.UserService - Operation: WARN
Entity: class at.qe.g1t2.model.Userx
Detail: Call getAuthenticatedUser()

2023-04-28 21:11:10,652 [main] WARN  at.qe.g1t2.services.UserService - Operation: WARN
Entity: class at.qe.g1t2.model.Userx
Detail: Call getAuthenticatedUser()

2023-04-28 21:11:10,671 [main] WARN  at.qe.g1t2.services.UserService - Operation: WARN
Entity: class at.qe.g1t2.model.Userx
Detail: Call getAuthenticatedUser()

2023-04-28 21:11:12,013 [main] WARN  at.qe.g1t2.services.UserService - Operation: WARN
Entity: class at.qe.g1t2.model.Userx
Detail: Call getAuthenticatedUser()

2023-04-28 21:11:12,070 [main] WARN  at.qe.g1t2.services.UserService - Operation: WARN
Entity: class at.qe.g1t2.model.Userx
Detail: Call getAuthenticatedUser()

2023-04-28 21:11:12,093 [main] WARN  at.qe.g1t2.services.UserService - Operation: WARN
Entity: class at.qe.g1t2.model.Userx
Detail: Call getAuthenticatedUser()

2023-04-28 21:11:12,103 [main] WARN  at.qe.g1t2.services.UserService - Operation: WARN
Entity: class at.qe.g1t2.model.Userx
Detail: Call getAuthenticatedUser()

2023-04-28 21:11:13,426 [main] WARN  at.qe.g1t2.services.UserService - Operation: WARN
Entity: class at.qe.g1t2.model.Userx
Detail: Call getAuthenticatedUser()

2023-04-28 21:11:13,481 [main] WARN  at.qe.g1t2.services.UserService - Operation: WARN
Entity: class at.qe.g1t2.model.Userx
Detail: Call getAuthenticatedUser()

2023-04-28 21:11:13,490 [main] WARN  at.qe.g1t2.services.UserService - Operation: WARN
Entity: class at.qe.g1t2.model.Userx
Detail: Call getAuthenticatedUser()

2023-04-28 21:11:13,507 [main] WARN  at.qe.g1t2.services.UserService - Operation: WARN
Entity: class at.qe.g1t2.model.Userx
Detail: Call getAuthenticatedUser()

2023-04-28 21:11:14,883 [main] WARN  at.qe.g1t2.services.UserService - Operation: WARN
Entity: class at.qe.g1t2.model.Userx
Detail: Call getAuthenticatedUser()

2023-04-28 21:11:14,935 [main] WARN  at.qe.g1t2.services.UserService - Operation: WARN
Entity: class at.qe.g1t2.model.Userx
Detail: Call getAuthenticatedUser()

2023-04-28 21:11:14,947 [main] WARN  at.qe.g1t2.services.UserService - Operation: WARN
Entity: class at.qe.g1t2.model.Userx
Detail: Call getAuthenticatedUser()

2023-04-28 21:14:08,789 [main] WARN  at.qe.g1t2.model.AccessPoint - Operation: CONNECTION_FAILURE
Entity: class at.qe.g1t2.model.AccessPoint
Id: Access point: UUID1HqMX
Detail: enabled: false

2023-04-28 21:14:08,943 [main] WARN  at.qe.g1t2.model.SensorStation - Operation: CONNECTION_FAILURE
Entity: class at.qe.g1t2.model.SensorStation
Id: SensorStation: UUIDzwylzpQBQifB
Detail: enabled: false

2023-04-28 21:14:12,730 [main] WARN  a.q.g.r.c.AccessPointConnectionController - Operation: OTHER
Entity: class at.qe.g1t2.model.AccessPoint
Id: Access point: 4294ba1b-f794-4e3d-b606-896b28237bcb
Detail: Call get getAuthAccessPoint()

2023-04-28 21:14:13,146 [main] WARN  a.q.g.r.c.AccessPointConnectionController - Operation: OTHER
Entity: class at.qe.g1t2.model.AccessPoint
Id: Access point: 4294ba1b-f794-4e3d-b606-896b28237bcb
Detail: Call get getAuthAccessPoint()

2023-04-28 21:14:13,697 [main] WARN  at.qe.g1t2.model.AccessPoint - Operation: CONNECTION_FAILURE
Entity: class at.qe.g1t2.model.AccessPoint
Id: Access point: UUIDnull
Detail: enabled: false

2023-04-28 21:14:24,490 [main] WARN  a.q.g.r.c.SensorStationConnectController - Operation: OTHER
Entity: class at.qe.g1t2.model.AccessPoint
Id: Access point: 43d5aba9-29c5-49b4-b4ec-2d430e34104f
Detail: Call get getAuthAccessPoint()

2023-04-28 21:14:26,770 [main] WARN  a.q.g.r.c.SensorStationConnectController - Operation: OTHER
Entity: class at.qe.g1t2.model.AccessPoint
Id: Access point: 4294ba1b-f794-4e3d-b606-896b28237bcb
Detail: Call get getAuthAccessPoint()

2023-04-28 21:14:26,776 [main] WARN  a.q.g.r.c.SensorStationConnectController - Operation: OTHER
Entity: class at.qe.g1t2.model.AccessPoint
Id: Access point: 4294ba1b-f794-4e3d-b606-896b28237bcb
Detail: Call get getAuthAccessPoint()

2023-04-28 21:14:28,855 [main] WARN  a.q.g.r.c.SensorStationConnectController - Operation: OTHER
Entity: class at.qe.g1t2.model.AccessPoint
Id: Access point: 4294ba1b-f794-4e3d-b606-896b28237bcb
Detail: Call get getAuthAccessPoint()

2023-04-28 21:14:28,861 [main] WARN  a.q.g.r.c.SensorStationConnectController - Operation: OTHER
Entity: class at.qe.g1t2.model.AccessPoint
Id: Access point: 4294ba1b-f794-4e3d-b606-896b28237bcb
Detail: Call get getAuthAccessPoint()

2023-04-28 21:14:28,885 [main] WARN  a.q.g.r.c.SensorStationConnectController - Operation: OTHER
Entity: class at.qe.g1t2.model.AccessPoint
Id: Access point: 4294ba1b-f794-4e3d-b606-896b28237bcb
Detail: Call get getAuthAccessPoint()

2023-04-28 21:14:30,851 [main] WARN  a.q.g.r.c.SensorStationConnectController - Operation: OTHER
Entity: class at.qe.g1t2.model.AccessPoint
Id: Access point: 4294ba1b-f794-4e3d-b606-896b28237bcb
Detail: Call get getAuthAccessPoint()

2023-04-28 21:14:32,607 [main] WARN  a.q.g.r.c.SensorStationConnectController - Operation: OTHER
Entity: class at.qe.g1t2.model.AccessPoint
Id: Access point: 4294ba1b-f794-4e3d-b606-896b28237bcb
Detail: Call get getAuthAccessPoint()

2023-04-28 21:14:32,642 [main] WARN  a.q.g.r.c.SensorStationConnectController - Operation: OTHER
Entity: class at.qe.g1t2.model.AccessPoint
Id: Access point: 4294ba1b-f794-4e3d-b606-896b28237bcb
Detail: Call get getAuthAccessPoint()

2023-04-28 21:14:34,249 [main] WARN  a.q.g.r.c.SensorStationConnectController - Operation: OTHER
Entity: class at.qe.g1t2.model.AccessPoint
Id: Access point: 43d5aba9-29c5-49b4-b4ec-2d430e34104f
Detail: Call get getAuthAccessPoint()

2023-04-28 21:14:36,591 [main] WARN  a.q.g.r.c.SensorStationConnectController - Operation: OTHER
Entity: class at.qe.g1t2.model.AccessPoint
Id: Access point: 4294ba1b-f794-4e3d-b606-896b28237bcb
Detail: Call get getAuthAccessPoint()

2023-04-28 21:15:00,732 [main] WARN  at.qe.g1t2.services.UserService - Operation: WARN
Entity: class at.qe.g1t2.model.Userx
Detail: Call getAuthenticatedUser()

2023-04-28 21:15:00,745 [main] WARN  at.qe.g1t2.services.UserService - Operation: WARN
Entity: class at.qe.g1t2.model.Userx
Detail: Call getAuthenticatedUser()

2023-04-28 21:15:02,182 [main] WARN  at.qe.g1t2.services.UserService - Operation: WARN
Entity: class at.qe.g1t2.model.Userx
Detail: Call getAuthenticatedUser()

2023-04-28 21:15:02,191 [main] WARN  at.qe.g1t2.services.UserService - Operation: WARN
Entity: class at.qe.g1t2.model.Userx
Detail: Call getAuthenticatedUser()

2023-04-28 21:15:03,948 [main] WARN  at.qe.g1t2.services.UserService - Operation: WARN
Entity: class at.qe.g1t2.model.Userx
Detail: Call getAuthenticatedUser()

2023-04-28 21:15:03,998 [main] WARN  at.qe.g1t2.services.UserService - Operation: WARN
Entity: class at.qe.g1t2.model.Userx
Detail: Call getAuthenticatedUser()

2023-04-28 21:15:04,041 [main] WARN  at.qe.g1t2.services.UserService - Operation: WARN
Entity: class at.qe.g1t2.model.Userx
Detail: Call getAuthenticatedUser()

2023-04-28 21:15:04,061 [main] WARN  at.qe.g1t2.services.UserService - Operation: WARN
Entity: class at.qe.g1t2.model.Userx
Detail: Call getAuthenticatedUser()

2023-04-28 21:15:06,284 [main] WARN  at.qe.g1t2.services.UserService - Operation: WARN
Entity: class at.qe.g1t2.model.Userx
Detail: Call getAuthenticatedUser()

2023-04-28 21:15:06,393 [main] WARN  at.qe.g1t2.services.UserService - Operation: WARN
Entity: class at.qe.g1t2.model.Userx
Detail: Call getAuthenticatedUser()

2023-04-28 21:15:06,458 [main] WARN  at.qe.g1t2.services.UserService - Operation: WARN
Entity: class at.qe.g1t2.model.Userx
Detail: Call getAuthenticatedUser()

2023-04-28 21:15:06,487 [main] WARN  at.qe.g1t2.services.UserService - Operation: WARN
Entity: class at.qe.g1t2.model.Userx
Detail: Call getAuthenticatedUser()

2023-04-28 21:15:08,163 [main] WARN  at.qe.g1t2.services.UserService - Operation: WARN
Entity: class at.qe.g1t2.model.Userx
Detail: Call getAuthenticatedUser()

2023-04-28 21:15:08,241 [main] WARN  at.qe.g1t2.services.UserService - Operation: WARN
Entity: class at.qe.g1t2.model.Userx
Detail: Call getAuthenticatedUser()

2023-04-28 21:15:08,261 [main] WARN  at.qe.g1t2.services.UserService - Operation: WARN
Entity: class at.qe.g1t2.model.Userx
Detail: Call getAuthenticatedUser()

2023-04-28 21:17:18,242 [main] WARN  a.q.g.r.c.SensorStationConnectController - Operation: OTHER
Entity: class at.qe.g1t2.model.AccessPoint
Id: Access point: 4294ba1b-f794-4e3d-b606-896b28237bcb
Detail: Call get getAuthAccessPoint()

2023-04-28 21:22:51,476 [main] WARN  a.q.g.r.c.SensorStationConnectController - Operation: OTHER
Entity: class at.qe.g1t2.model.AccessPoint
Id: Access point: 43d5aba9-29c5-49b4-b4ec-2d430e34104f
Detail: Call get getAuthAccessPoint()

2023-04-28 21:23:02,921 [main] WARN  a.q.g.r.c.SensorStationConnectController - Operation: OTHER
Entity: class at.qe.g1t2.model.AccessPoint
Id: Access point: 4294ba1b-f794-4e3d-b606-896b28237bcb
Detail: Call get getAuthAccessPoint()

2023-04-28 21:23:02,941 [main] WARN  a.q.g.r.c.SensorStationConnectController - Operation: OTHER
Entity: class at.qe.g1t2.model.AccessPoint
Id: Access point: 4294ba1b-f794-4e3d-b606-896b28237bcb
Detail: Call get getAuthAccessPoint()

2023-04-28 21:23:11,293 [main] WARN  a.q.g.r.c.SensorStationConnectController - Operation: OTHER
Entity: class at.qe.g1t2.model.AccessPoint
Id: Access point: 4294ba1b-f794-4e3d-b606-896b28237bcb
Detail: Call get getAuthAccessPoint()

2023-04-28 21:23:11,300 [main] WARN  a.q.g.r.c.SensorStationConnectController - Operation: OTHER
Entity: class at.qe.g1t2.model.AccessPoint
Id: Access point: 4294ba1b-f794-4e3d-b606-896b28237bcb
Detail: Call get getAuthAccessPoint()

2023-04-28 21:23:11,775 [main] WARN  a.q.g.r.c.SensorStationConnectController - Operation: OTHER
Entity: class at.qe.g1t2.model.AccessPoint
Id: Access point: 4294ba1b-f794-4e3d-b606-896b28237bcb
Detail: Call get getAuthAccessPoint()

2023-04-28 21:23:22,487 [main] WARN  a.q.g.r.c.SensorStationConnectController - Operation: OTHER
Entity: class at.qe.g1t2.model.AccessPoint
Id: Access point: 4294ba1b-f794-4e3d-b606-896b28237bcb
Detail: Call get getAuthAccessPoint()

2023-04-28 21:23:29,838 [main] WARN  a.q.g.r.c.SensorStationConnectController - Operation: OTHER
Entity: class at.qe.g1t2.model.AccessPoint
Id: Access point: 4294ba1b-f794-4e3d-b606-896b28237bcb
Detail: Call get getAuthAccessPoint()

2023-04-28 21:23:29,881 [main] WARN  a.q.g.r.c.SensorStationConnectController - Operation: OTHER
Entity: class at.qe.g1t2.model.AccessPoint
Id: Access point: 4294ba1b-f794-4e3d-b606-896b28237bcb
Detail: Call get getAuthAccessPoint()

2023-04-28 21:23:42,203 [main] WARN  a.q.g.r.c.SensorStationConnectController - Operation: OTHER
Entity: class at.qe.g1t2.model.AccessPoint
Id: Access point: 43d5aba9-29c5-49b4-b4ec-2d430e34104f
Detail: Call get getAuthAccessPoint()

2023-04-28 21:23:49,838 [main] WARN  a.q.g.r.c.SensorStationConnectController - Operation: OTHER
Entity: class at.qe.g1t2.model.AccessPoint
Id: Access point: 4294ba1b-f794-4e3d-b606-896b28237bcb
Detail: Call get getAuthAccessPoint()

2023-04-28 21:27:52,789 [main] WARN  a.q.g.r.c.SensorStationConnectController - Operation: OTHER
Entity: class at.qe.g1t2.model.AccessPoint
Id: Access point: 4294ba1b-f794-4e3d-b606-896b28237bcb
Detail: Call get getAuthAccessPoint()

2023-04-28 21:27:52,822 [main] WARN  a.q.g.r.c.SensorStationConnectController - Operation: OTHER
Entity: class at.qe.g1t2.model.AccessPoint
Id: Access point: 4294ba1b-f794-4e3d-b606-896b28237bcb
Detail: Call get getAuthAccessPoint()

2023-04-28 21:30:41,342 [main] WARN  a.q.g.r.c.SensorStationConnectController - Operation: OTHER
Entity: class at.qe.g1t2.model.AccessPoint
Id: Access point: 4294ba1b-f794-4e3d-b606-896b28237bcb
Detail: Call get getAuthAccessPoint()

2023-04-28 21:30:41,376 [main] WARN  a.q.g.r.c.SensorStationConnectController - Operation: OTHER
Entity: class at.qe.g1t2.model.AccessPoint
Id: Access point: 4294ba1b-f794-4e3d-b606-896b28237bcb
Detail: Call get getAuthAccessPoint()

2023-04-28 21:32:21,323 [main] WARN  a.q.g.r.c.SensorStationConnectController - Operation: OTHER
Entity: class at.qe.g1t2.model.AccessPoint
Id: Access point: 4294ba1b-f794-4e3d-b606-896b28237bcb
Detail: Call get getAuthAccessPoint()

2023-04-28 21:32:21,358 [main] WARN  a.q.g.r.c.SensorStationConnectController - Operation: OTHER
Entity: class at.qe.g1t2.model.AccessPoint
Id: Access point: 4294ba1b-f794-4e3d-b606-896b28237bcb
Detail: Call get getAuthAccessPoint()

2023-04-28 21:32:34,678 [main] WARN  a.q.g.r.c.SensorStationConnectController - Operation: OTHER
Entity: class at.qe.g1t2.model.AccessPoint
Id: Access point: 43d5aba9-29c5-49b4-b4ec-2d430e34104f
Detail: Call get getAuthAccessPoint()

2023-04-28 21:32:43,270 [main] WARN  a.q.g.r.c.SensorStationConnectController - Operation: OTHER
Entity: class at.qe.g1t2.model.AccessPoint
Id: Access point: 4294ba1b-f794-4e3d-b606-896b28237bcb
Detail: Call get getAuthAccessPoint()

2023-04-28 21:32:43,279 [main] WARN  a.q.g.r.c.SensorStationConnectController - Operation: OTHER
Entity: class at.qe.g1t2.model.AccessPoint
Id: Access point: 4294ba1b-f794-4e3d-b606-896b28237bcb
Detail: Call get getAuthAccessPoint()

2023-04-28 21:32:43,677 [main] WARN  a.q.g.r.c.SensorStationConnectController - Operation: OTHER
Entity: class at.qe.g1t2.model.AccessPoint
Id: Access point: 4294ba1b-f794-4e3d-b606-896b28237bcb
Detail: Call get getAuthAccessPoint()

2023-04-28 21:32:52,172 [main] WARN  a.q.g.r.c.SensorStationConnectController - Operation: OTHER
Entity: class at.qe.g1t2.model.AccessPoint
Id: Access point: 4294ba1b-f794-4e3d-b606-896b28237bcb
Detail: Call get getAuthAccessPoint()

2023-04-28 21:32:59,110 [main] WARN  a.q.g.r.c.SensorStationConnectController - Operation: OTHER
Entity: class at.qe.g1t2.model.AccessPoint
Id: Access point: 4294ba1b-f794-4e3d-b606-896b28237bcb
Detail: Call get getAuthAccessPoint()

2023-04-28 21:32:59,166 [main] WARN  a.q.g.r.c.SensorStationConnectController - Operation: OTHER
Entity: class at.qe.g1t2.model.AccessPoint
Id: Access point: 4294ba1b-f794-4e3d-b606-896b28237bcb
Detail: Call get getAuthAccessPoint()

2023-04-28 21:33:05,381 [main] WARN  a.q.g.r.c.SensorStationConnectController - Operation: OTHER
Entity: class at.qe.g1t2.model.AccessPoint
Id: Access point: 43d5aba9-29c5-49b4-b4ec-2d430e34104f
Detail: Call get getAuthAccessPoint()

2023-04-28 21:33:11,926 [main] WARN  a.q.g.r.c.SensorStationConnectController - Operation: OTHER
Entity: class at.qe.g1t2.model.AccessPoint
Id: Access point: 4294ba1b-f794-4e3d-b606-896b28237bcb
Detail: Call get getAuthAccessPoint()

2023-04-28 21:33:12,085 [main] WARN  a.q.g.r.c.SensorStationConnectController - Operation: OTHER
Entity: class at.qe.g1t2.model.AccessPoint
Id: Access point: 4294ba1b-f794-4e3d-b606-896b28237bcb
Detail: Call get getAuthAccessPoint()

2023-04-28 21:33:12,373 [main] WARN  a.q.g.r.c.SensorStationConnectController - Operation: OTHER
Entity: class at.qe.g1t2.model.AccessPoint
Id: Access point: 4294ba1b-f794-4e3d-b606-896b28237bcb
Detail: Call get getAuthAccessPoint()

2023-04-28 21:54:35,231 [main] WARN  a.q.g.r.c.SensorStationConnectController - Operation: OTHER
Entity: class at.qe.g1t2.model.AccessPoint
Id: Access point: 4294ba1b-f794-4e3d-b606-896b28237bcb
Detail: Call get getAuthAccessPoint()

2023-04-28 22:02:38,090 [main] WARN  a.q.g.r.c.SensorStationConnectController - Operation: OTHER
Entity: class at.qe.g1t2.model.AccessPoint
Id: Access point: 4294ba1b-f794-4e3d-b606-896b28237bcb
Detail: Call get getAuthAccessPoint()

2023-04-28 22:06:30,473 [main] WARN  a.q.g.r.c.SensorStationConnectController - Operation: OTHER
Entity: class at.qe.g1t2.model.AccessPoint
Id: Access point: 4294ba1b-f794-4e3d-b606-896b28237bcb
Detail: Call get getAuthAccessPoint()

2023-04-28 22:14:19,242 [main] WARN  a.q.g.r.c.SensorStationConnectController - Operation: OTHER
Entity: class at.qe.g1t2.model.AccessPoint
Id: Access point: 4294ba1b-f794-4e3d-b606-896b28237bcb
Detail: Call get getAuthAccessPoint()

2023-04-28 22:16:45,709 [main] WARN  a.q.g.r.c.SensorStationConnectController - Operation: OTHER
Entity: class at.qe.g1t2.model.AccessPoint
Id: Access point: 4294ba1b-f794-4e3d-b606-896b28237bcb
Detail: Call get getAuthAccessPoint()

2023-04-28 22:16:45,740 [main] WARN  a.q.g.r.c.SensorStationConnectController - Operation: OTHER
Entity: class at.qe.g1t2.model.AccessPoint
Id: Access point: 4294ba1b-f794-4e3d-b606-896b28237bcb
Detail: Call get getAuthAccessPoint()

2023-04-28 22:16:54,639 [main] WARN  a.q.g.r.c.SensorStationConnectController - Operation: OTHER
Entity: class at.qe.g1t2.model.AccessPoint
Id: Access point: 43d5aba9-29c5-49b4-b4ec-2d430e34104f
Detail: Call get getAuthAccessPoint()

2023-04-28 22:17:00,821 [main] WARN  a.q.g.r.c.SensorStationConnectController - Operation: OTHER
Entity: class at.qe.g1t2.model.AccessPoint
Id: Access point: 4294ba1b-f794-4e3d-b606-896b28237bcb
Detail: Call get getAuthAccessPoint()

2023-04-28 22:17:06,850 [main] WARN  a.q.g.r.c.SensorStationConnectController - Operation: OTHER
Entity: class at.qe.g1t2.model.AccessPoint
Id: Access point: 4294ba1b-f794-4e3d-b606-896b28237bcb
Detail: Call get getAuthAccessPoint()

2023-04-28 22:17:06,861 [main] WARN  a.q.g.r.c.SensorStationConnectController - Operation: OTHER
Entity: class at.qe.g1t2.model.AccessPoint
Id: Access point: 4294ba1b-f794-4e3d-b606-896b28237bcb
Detail: Call get getAuthAccessPoint()

2023-04-28 22:17:07,233 [main] WARN  a.q.g.r.c.SensorStationConnectController - Operation: OTHER
Entity: class at.qe.g1t2.model.AccessPoint
Id: Access point: 4294ba1b-f794-4e3d-b606-896b28237bcb
Detail: Call get getAuthAccessPoint()

2023-04-28 22:17:13,587 [main] WARN  a.q.g.r.c.SensorStationConnectController - Operation: OTHER
Entity: class at.qe.g1t2.model.AccessPoint
Id: Access point: 4294ba1b-f794-4e3d-b606-896b28237bcb
Detail: Call get getAuthAccessPoint()

2023-04-28 22:17:19,402 [main] WARN  a.q.g.r.c.SensorStationConnectController - Operation: OTHER
Entity: class at.qe.g1t2.model.AccessPoint
Id: Access point: 4294ba1b-f794-4e3d-b606-896b28237bcb
Detail: Call get getAuthAccessPoint()

2023-04-28 22:17:19,451 [main] WARN  a.q.g.r.c.SensorStationConnectController - Operation: OTHER
Entity: class at.qe.g1t2.model.AccessPoint
Id: Access point: 4294ba1b-f794-4e3d-b606-896b28237bcb
Detail: Call get getAuthAccessPoint()

2023-04-28 22:17:25,393 [main] WARN  a.q.g.r.c.SensorStationConnectController - Operation: OTHER
Entity: class at.qe.g1t2.model.AccessPoint
Id: Access point: 43d5aba9-29c5-49b4-b4ec-2d430e34104f
Detail: Call get getAuthAccessPoint()

2023-04-28 22:17:31,462 [main] WARN  a.q.g.r.c.SensorStationConnectController - Operation: OTHER
Entity: class at.qe.g1t2.model.AccessPoint
Id: Access point: 4294ba1b-f794-4e3d-b606-896b28237bcb
Detail: Call get getAuthAccessPoint()

2023-04-28 22:17:31,510 [main] WARN  a.q.g.r.c.SensorStationConnectController - Operation: OTHER
Entity: class at.qe.g1t2.model.AccessPoint
Id: Access point: 4294ba1b-f794-4e3d-b606-896b28237bcb
Detail: Call get getAuthAccessPoint()

2023-04-28 22:17:31,628 [main] WARN  a.q.g.r.c.SensorStationConnectController - Operation: OTHER
Entity: class at.qe.g1t2.model.AccessPoint
Id: Access point: 4294ba1b-f794-4e3d-b606-896b28237bcb
Detail: Call get getAuthAccessPoint()

2023-04-28 22:17:37,099 [main] WARN  a.q.g.r.c.SensorStationConnectController - Operation: OTHER
Entity: class at.qe.g1t2.model.AccessPoint
Id: Access point: 4294ba1b-f794-4e3d-b606-896b28237bcb
Detail: Call get getAuthAccessPoint()

2023-04-28 22:17:42,685 [main] WARN  a.q.g.r.c.SensorStationConnectController - Operation: OTHER
Entity: class at.qe.g1t2.model.AccessPoint
Id: Access point: 4294ba1b-f794-4e3d-b606-896b28237bcb
Detail: Call get getAuthAccessPoint()

2023-04-28 22:17:48,125 [main] WARN  a.q.g.r.c.SensorStationConnectController - Operation: OTHER
Entity: class at.qe.g1t2.model.AccessPoint
Id: Access point: 4294ba1b-f794-4e3d-b606-896b28237bcb
Detail: Call get getAuthAccessPoint()

2023-04-28 22:17:48,175 [main] WARN  a.q.g.r.c.SensorStationConnectController - Operation: OTHER
Entity: class at.qe.g1t2.model.AccessPoint
Id: Access point: 4294ba1b-f794-4e3d-b606-896b28237bcb
Detail: Call get getAuthAccessPoint()

2023-04-28 22:23:34,048 [main] WARN  a.q.g.r.c.SensorStationConnectController - Operation: OTHER
Entity: class at.qe.g1t2.model.AccessPoint
Id: Access point: 43d5aba9-29c5-49b4-b4ec-2d430e34104f
Detail: Call get getAuthAccessPoint()

2023-04-28 22:23:35,016 [main] WARN  a.q.g.r.c.SensorStationConnectController - Operation: OTHER
Entity: class at.qe.g1t2.model.SensorStation
Id: SensorStation: DipIddc7d2e05-2953-4b46-a2b4-74705f63e005
Detail: Already Connected SensorStation with different AccessPoint asked for coupling

2023-04-28 22:28:34,003 [main] WARN  a.q.g.r.c.SensorStationConnectController - Operation: OTHER
Entity: class at.qe.g1t2.model.AccessPoint
Id: Access point: 4294ba1b-f794-4e3d-b606-896b28237bcb
Detail: Call get getAuthAccessPoint()

2023-04-28 22:28:34,774 [main] WARN  a.q.g.r.c.SensorStationConnectController - Operation: OTHER
Entity: class at.qe.g1t2.model.SensorStation
Id: SensorStation: DipIddc7d2e05-2953-4b46-a2b4-74705f63e005
Detail: Already Connected SensorStation asked for coupling

2023-04-28 22:32:15,163 [main] WARN  a.q.g.r.c.SensorStationConnectController - Operation: OTHER
Entity: class at.qe.g1t2.model.AccessPoint
Id: Access point: 4294ba1b-f794-4e3d-b606-896b28237bcb
Detail: Call get getAuthAccessPoint()

2023-04-28 22:32:16,064 [main] WARN  a.q.g.r.c.SensorStationConnectController - Operation: OTHER
Entity: class at.qe.g1t2.model.SensorStation
Id: SensorStation: DipIddc7d2e05-2953-4b46-a2b4-74705f63e005
Detail: Already Connected SensorStation asked for coupling

2023-04-28 22:35:14,220 [main] WARN  a.q.g.r.c.SensorStationConnectController - Operation: OTHER
Entity: class at.qe.g1t2.model.AccessPoint
Id: Access point: 4294ba1b-f794-4e3d-b606-896b28237bcb
Detail: Call get getAuthAccessPoint()

2023-04-28 22:35:15,132 [main] WARN  a.q.g.r.c.SensorStationConnectController - Operation: OTHER
Entity: class at.qe.g1t2.model.SensorStation
Id: SensorStation: DipIddc7d2e05-2953-4b46-a2b4-74705f63e005
Detail: Already Connected SensorStation asked for coupling

2023-04-28 22:36:53,825 [main] WARN  a.q.g.r.c.SensorStationConnectController - Operation: OTHER
Entity: class at.qe.g1t2.model.AccessPoint
Id: Access point: 43d5aba9-29c5-49b4-b4ec-2d430e34104f
Detail: Call get getAuthAccessPoint()

2023-04-28 22:36:54,786 [main] WARN  a.q.g.r.c.SensorStationConnectController - Operation: OTHER
Entity: class at.qe.g1t2.model.SensorStation
Id: SensorStation: DipIddc7d2e05-2953-4b46-a2b4-74705f63e005
Detail: Already Connected SensorStation with different AccessPoint asked for coupling

2023-04-28 22:38:27,697 [main] WARN  at.qe.g1t2.model.AccessPoint - Operation: CONNECTION_FAILURE
Entity: class at.qe.g1t2.model.AccessPoint
Id: Access point: UUIDfjlCtf
Detail: enabled: false

2023-04-28 22:38:27,819 [main] WARN  at.qe.g1t2.model.SensorStation - Operation: CONNECTION_FAILURE
Entity: class at.qe.g1t2.model.SensorStation
Id: SensorStation: UUID2dz
Detail: enabled: false

2023-04-28 22:38:32,444 [main] WARN  a.q.g.r.c.AccessPointConnectionController - Operation: OTHER
Entity: class at.qe.g1t2.model.AccessPoint
Id: Access point: 4294ba1b-f794-4e3d-b606-896b28237bcb
Detail: Call get getAuthAccessPoint()

2023-04-28 22:38:32,921 [main] WARN  a.q.g.r.c.AccessPointConnectionController - Operation: OTHER
Entity: class at.qe.g1t2.model.AccessPoint
Id: Access point: 4294ba1b-f794-4e3d-b606-896b28237bcb
Detail: Call get getAuthAccessPoint()

2023-04-28 22:38:33,605 [main] WARN  at.qe.g1t2.model.AccessPoint - Operation: CONNECTION_FAILURE
Entity: class at.qe.g1t2.model.AccessPoint
Id: Access point: UUIDnull
Detail: enabled: false

2023-04-28 22:38:43,222 [main] WARN  a.q.g.r.c.SensorStationConnectController - Operation: OTHER
Entity: class at.qe.g1t2.model.AccessPoint
Id: Access point: 4294ba1b-f794-4e3d-b606-896b28237bcb
Detail: Call get getAuthAccessPoint()

2023-04-28 22:38:43,234 [main] WARN  a.q.g.r.c.SensorStationConnectController - Operation: OTHER
Entity: class at.qe.g1t2.model.SensorStation
Id: SensorStation: DipIddc7d2e05-2953-4b46-a2b4-74705f63e005
Detail: Already Connected SensorStation asked for coupling

2023-04-28 22:38:45,446 [main] WARN  a.q.g.r.c.SensorStationConnectController - Operation: OTHER
Entity: class at.qe.g1t2.model.AccessPoint
Id: Access point: 4294ba1b-f794-4e3d-b606-896b28237bcb
Detail: Call get getAuthAccessPoint()

2023-04-28 22:38:45,453 [main] WARN  a.q.g.r.c.SensorStationConnectController - Operation: OTHER
Entity: class at.qe.g1t2.model.AccessPoint
Id: Access point: 4294ba1b-f794-4e3d-b606-896b28237bcb
Detail: Call get getAuthAccessPoint()

2023-04-28 22:38:47,794 [main] WARN  a.q.g.r.c.SensorStationConnectController - Operation: OTHER
Entity: class at.qe.g1t2.model.AccessPoint
Id: Access point: 43d5aba9-29c5-49b4-b4ec-2d430e34104f
Detail: Call get getAuthAccessPoint()

2023-04-28 22:38:49,855 [main] WARN  a.q.g.r.c.SensorStationConnectController - Operation: OTHER
Entity: class at.qe.g1t2.model.AccessPoint
Id: Access point: 4294ba1b-f794-4e3d-b606-896b28237bcb
Detail: Call get getAuthAccessPoint()

2023-04-28 22:38:52,073 [main] WARN  a.q.g.r.c.SensorStationConnectController - Operation: OTHER
Entity: class at.qe.g1t2.model.AccessPoint
Id: Access point: 4294ba1b-f794-4e3d-b606-896b28237bcb
Detail: Call get getAuthAccessPoint()

2023-04-28 22:38:52,079 [main] WARN  a.q.g.r.c.SensorStationConnectController - Operation: OTHER
Entity: class at.qe.g1t2.model.AccessPoint
Id: Access point: 4294ba1b-f794-4e3d-b606-896b28237bcb
Detail: Call get getAuthAccessPoint()

2023-04-28 22:38:52,119 [main] WARN  a.q.g.r.c.SensorStationConnectController - Operation: OTHER
Entity: class at.qe.g1t2.model.AccessPoint
Id: Access point: 4294ba1b-f794-4e3d-b606-896b28237bcb
Detail: Call get getAuthAccessPoint()

2023-04-28 22:38:54,181 [main] WARN  a.q.g.r.c.SensorStationConnectController - Operation: OTHER
Entity: class at.qe.g1t2.model.AccessPoint
Id: Access point: 4294ba1b-f794-4e3d-b606-896b28237bcb
Detail: Call get getAuthAccessPoint()

2023-04-28 22:38:56,509 [main] WARN  a.q.g.r.c.SensorStationConnectController - Operation: OTHER
Entity: class at.qe.g1t2.model.AccessPoint
Id: Access point: 43d5aba9-29c5-49b4-b4ec-2d430e34104f
Detail: Call get getAuthAccessPoint()

2023-04-28 22:38:56,529 [main] WARN  a.q.g.r.c.SensorStationConnectController - Operation: OTHER
Entity: class at.qe.g1t2.model.SensorStation
Id: SensorStation: DipIddc7d2e05-2953-4b46-a2b4-74705f63e005
Detail: Already Connected SensorStation with different AccessPoint asked for coupling

2023-04-28 22:38:58,361 [main] WARN  a.q.g.r.c.SensorStationConnectController - Operation: OTHER
Entity: class at.qe.g1t2.model.AccessPoint
Id: Access point: 4294ba1b-f794-4e3d-b606-896b28237bcb
Detail: Call get getAuthAccessPoint()

2023-04-28 22:38:58,433 [main] WARN  a.q.g.r.c.SensorStationConnectController - Operation: OTHER
Entity: class at.qe.g1t2.model.AccessPoint
Id: Access point: 4294ba1b-f794-4e3d-b606-896b28237bcb
Detail: Call get getAuthAccessPoint()

2023-04-28 22:39:00,538 [main] WARN  a.q.g.r.c.SensorStationConnectController - Operation: OTHER
Entity: class at.qe.g1t2.model.AccessPoint
Id: Access point: 4294ba1b-f794-4e3d-b606-896b28237bcb
Detail: Call get getAuthAccessPoint()

2023-04-28 22:39:00,612 [main] WARN  a.q.g.r.c.SensorStationConnectController - Operation: OTHER
Entity: class at.qe.g1t2.model.AccessPoint
Id: Access point: 4294ba1b-f794-4e3d-b606-896b28237bcb
Detail: Call get getAuthAccessPoint()

2023-04-28 22:39:00,702 [main] WARN  a.q.g.r.c.SensorStationConnectController - Operation: OTHER
Entity: class at.qe.g1t2.model.AccessPoint
Id: Access point: 4294ba1b-f794-4e3d-b606-896b28237bcb
Detail: Call get getAuthAccessPoint()

2023-04-28 22:39:02,649 [main] WARN  a.q.g.r.c.SensorStationConnectController - Operation: OTHER
Entity: class at.qe.g1t2.model.AccessPoint
Id: Access point: 4294ba1b-f794-4e3d-b606-896b28237bcb
Detail: Call get getAuthAccessPoint()

2023-04-28 22:39:04,541 [main] WARN  a.q.g.r.c.SensorStationConnectController - Operation: OTHER
Entity: class at.qe.g1t2.model.AccessPoint
Id: Access point: 4294ba1b-f794-4e3d-b606-896b28237bcb
Detail: Call get getAuthAccessPoint()

2023-04-28 22:39:06,329 [main] WARN  a.q.g.r.c.SensorStationConnectController - Operation: OTHER
Entity: class at.qe.g1t2.model.AccessPoint
Id: Access point: 4294ba1b-f794-4e3d-b606-896b28237bcb
Detail: Call get getAuthAccessPoint()

2023-04-28 22:39:06,353 [main] WARN  a.q.g.r.c.SensorStationConnectController - Operation: OTHER
Entity: class at.qe.g1t2.model.AccessPoint
Id: Access point: 4294ba1b-f794-4e3d-b606-896b28237bcb
Detail: Call get getAuthAccessPoint()

2023-04-28 22:39:37,500 [main] WARN  at.qe.g1t2.services.UserService - Operation: WARN
Entity: class at.qe.g1t2.model.Userx
Detail: Call getAuthenticatedUser()

2023-04-28 22:39:37,548 [main] WARN  at.qe.g1t2.services.UserService - Operation: WARN
Entity: class at.qe.g1t2.model.Userx
Detail: Call getAuthenticatedUser()

2023-04-28 22:39:41,788 [main] WARN  at.qe.g1t2.services.UserService - Operation: WARN
Entity: class at.qe.g1t2.model.Userx
Detail: Call getAuthenticatedUser()

2023-04-28 22:39:41,899 [main] WARN  at.qe.g1t2.services.UserService - Operation: WARN
Entity: class at.qe.g1t2.model.Userx
Detail: Call getAuthenticatedUser()

2023-04-28 22:39:47,881 [main] WARN  at.qe.g1t2.services.UserService - Operation: WARN
Entity: class at.qe.g1t2.model.Userx
Detail: Call getAuthenticatedUser()

2023-04-28 22:39:48,145 [main] WARN  at.qe.g1t2.services.UserService - Operation: WARN
Entity: class at.qe.g1t2.model.Userx
Detail: Call getAuthenticatedUser()

2023-04-28 22:39:48,192 [main] WARN  at.qe.g1t2.services.UserService - Operation: WARN
Entity: class at.qe.g1t2.model.Userx
Detail: Call getAuthenticatedUser()

2023-04-28 22:39:48,217 [main] WARN  at.qe.g1t2.services.UserService - Operation: WARN
Entity: class at.qe.g1t2.model.Userx
Detail: Call getAuthenticatedUser()

2023-04-28 22:39:51,146 [main] WARN  at.qe.g1t2.services.UserService - Operation: WARN
Entity: class at.qe.g1t2.model.Userx
Detail: Call getAuthenticatedUser()

2023-04-28 22:39:51,299 [main] WARN  at.qe.g1t2.services.UserService - Operation: WARN
Entity: class at.qe.g1t2.model.Userx
Detail: Call getAuthenticatedUser()

2023-04-28 22:39:51,314 [main] WARN  at.qe.g1t2.services.UserService - Operation: WARN
Entity: class at.qe.g1t2.model.Userx
Detail: Call getAuthenticatedUser()

2023-04-28 22:39:51,341 [main] WARN  at.qe.g1t2.services.UserService - Operation: WARN
Entity: class at.qe.g1t2.model.Userx
Detail: Call getAuthenticatedUser()

2023-04-28 22:39:55,567 [main] WARN  at.qe.g1t2.services.UserService - Operation: WARN
Entity: class at.qe.g1t2.model.Userx
Detail: Call getAuthenticatedUser()

2023-04-28 22:39:55,773 [main] WARN  at.qe.g1t2.services.UserService - Operation: WARN
Entity: class at.qe.g1t2.model.Userx
Detail: Call getAuthenticatedUser()

2023-04-28 22:39:55,849 [main] WARN  at.qe.g1t2.services.UserService - Operation: WARN
Entity: class at.qe.g1t2.model.Userx
Detail: Call getAuthenticatedUser()

